#
# A fatal error has been detected by the Java Runtime Environment:
#
#  SIGFPE (0x8) at pc=0x00007f13ae198d2d (sent by kill), pid=5286, tid=5286
#
# JRE version: OpenJDK Runtime Environment (11.0.4+11) (build 11.0.4+11-post-Ubuntu-1ubuntu218.04.3)
# Java VM: OpenJDK 64-Bit Server VM (11.0.4+11-post-Ubuntu-1ubuntu218.04.3, mixed mode, sharing, tiered, compressed oops, g1 gc, linux-amd64)
# Problematic frame:
# C  [libpthread.so.0+0x8d2d]  __GI___pthread_timedjoin_ex+0x17d
#
# Core dump will be written. Default location: core.5286 (may not exist)
#
# If you would like to submit a bug report, please visit:
#   https://bugs.launchpad.net/ubuntu/+source/openjdk-lts
#

---------------  S U M M A R Y ------------

Command Line: --module-path=/home/sclarke/.gradle/caches/modules-2/files-2.1/org.swimos/swim-server/3.11.0-SNAPSHOT/c5a33acc8e8892bd6c6c04f245bb08686ed1d062/swim-server-3.11.0-SNAPSHOT.jar:/home/sclarke/.gradle/caches/modules-2/files-2.1/org.swimos/swim-client/3.11.0-SNAPSHOT/4ad56e2224b8c079b29394b387a98974ae3aeb82/swim-client-3.11.0-SNAPSHOT.jar:/home/sclarke/.gradle/caches/modules-2/files-2.1/com.microsoft.azure/azure-eventhubs/2.3.0/29c58ce19748cc42fb416a3392314a95594f2beb/azure-eventhubs-2.3.0.jar:/home/sclarke/.gradle/caches/modules-2/files-2.1/org.apache.httpcomponents/httpasyncclient/4.1.4/f3a3240681faae3fa46b573a4c7e50cec9db0d86/httpasyncclient-4.1.4.jar:/home/sclarke/.gradle/caches/modules-2/files-2.1/org.apache.httpcomponents/httpclient/4.5.8/c27c9d6f15435dc2b6947112027b418b0eef32b9/httpclient-4.5.8.jar:/home/sclarke/.gradle/caches/modules-2/files-2.1/org.apache.httpcomponents/httpcore-nio/4.4.11/7d0a97d01d39cff9aa3e6db81f21fddb2435f4e6/httpcore-nio-4.4.11.jar:/home/sclarke/.gradle/caches/modules-2/files-2.1/org.apache.httpcomponents/httpcore/4.4.11/de748cf874e4e193b42eceea9fe5574fabb9d4df/httpcore-4.4.11.jar:/home/sclarke/.gradle/caches/modules-2/files-2.1/com.microsoft.azure.sdk.iot/iot-device-client/1.17.1/a809853c3727a9da10892252a4ca49c561f23205/iot-device-client-1.17.1.jar:/home/sclarke/.gradle/caches/modules-2/files-2.1/com.github.jnr/jnr-unixsocket/0.22/aa7f3fe5a5c442f2dde3d1a10ed7663862750df6/jnr-unixsocket-0.22.jar:/home/sclarke/.gradle/caches/modules-2/files-2.1/org.apache.commons/commons-math3/3.6.1/e4ba98f1d4b3c80ec46392f25e094a6a2e58fcbf/commons-math3-3.6.1.jar:/home/sclarke/.gradle/caches/modules-2/files-2.1/org.swimos/swim-store-mem/3.11.0-SNAPSHOT/ffafff7338c83d61e2a50afc4a529676be2d80a5/swim-store-mem-3.11.0-SNAPSHOT.jar:/home/sclarke/.gradle/caches/modules-2/files-2.1/org.swimos/swim-store-db/3.11.0-SNAPSHOT/88596960290eadce3e394f1681f3327565976d07/swim-store-db-3.11.0-SNAPSHOT.jar:/home/sclarke/.gradle/caches/modules-2/files-2.1/org.swimos/swim-serv-Djdk.module.main=swim.simulator swim.simulator/swim.simulator.SimulatorPlane -Dfile.encoding=UTF-8 -Duser.country -Duser.language=en -Duser.variant swim.simulator.SimulatorPlane

Host: Intel(R) Core(TM) i7-9750H CPU @ 2.60GHz, 12 cores, 15G, Ubuntu 18.04.2 LTS
Time: Mon Feb 10 12:22:12 2020 PST elapsed time: 42 seconds (0d 0h 0m 42s)

---------------  T H R E A D  ---------------

Current thread is native thread

Stack: [0x00007fffd117c000,0x00007fffd1978000],  sp=0x00007fffd1973920,  free space=8158k
Native frames: (J=compiled Java code, A=aot compiled Java code, j=interpreted, Vv=VM code, C=native code)
C  [libpthread.so.0+0x8d2d]  __GI___pthread_timedjoin_ex+0x17d


siginfo: si_signo: 8 (SIGFPE), si_code: 0 (SI_USER), si_pid: 34, si_uid: 1000

Register to memory mapping:

RAX=
[error occurred during error reporting (printing register info), id 0xb, SIGSEGV (0xb) at pc=0x00007f13adaf48e7]

Registers:
RAX=0xfffffffffffffffc, RBX=0x00007f13af020700, RCX=0x0000000000000000, RDX=0x00000000000014aa
RSP=0x00007fffd1973920, RBP=0x00007fffd1973998, RSI=0x0000000000000000, RDI=0x00007f13af0209d0
R8 =0x00000000000000ca, R9 =0x00007f13af0209d0, R10=0x0000000000000000, R11=0x0000000000000000
R12=0x0000000000000000, R13=0x00007fffd1973930, R14=0x0000000000000000, R15=0x0000000000000021
RIP=0x00007f13ae198d2d, EFLAGS=0x0000000000000246, CSGSFS=0x00000053002b0033, ERR=0x0000000000000000
  TRAPNO=0x0000000000000000

Top of Stack: (sp=0x00007fffd1973920)
0x00007fffd1973920:   0000000000000000 0000000000000000
0x00007fffd1973930:   00007f13ae198b90 00007f13af020d28
0x00007fffd1973940:   0000000000000000 0000000000000000
0x00007fffd1973950:   00000000ffffffff e80d93d099dbdf00 

Instructions: (pc=0x00007f13ae198d2d)
0x00007f13ae198c2d:   c9 0f 85 8c 00 00 00 48 85 ed c7 83 d0 02 00 00
0x00007f13ae198c3d:   ff ff ff ff 74 0b 48 8b 83 30 06 00 00 48 89 45
0x00007f13ae198c4d:   00 48 89 df e8 ba e7 ff ff 31 c0 90 48 8b 4c 24
0x00007f13ae198c5d:   38 64 48 33 0c 25 28 00 00 00 0f 85 14 01 00 00
0x00007f13ae198c6d:   48 83 c4 40 5b 5d 41 5c 41 5d 41 5e c3 66 0f 1f
0x00007f13ae198c7d:   44 00 00 f6 83 08 03 00 00 3c 75 8c 8b 96 08 03
0x00007f13ae198c8d:   00 00 b8 23 00 00 00 83 e2 b9 83 fa 08 0f 84 75
0x00007f13ae198c9d:   ff ff ff eb b7 66 0f 1f 44 00 00 b8 03 00 00 00
0x00007f13ae198cad:   eb aa 90 b8 16 00 00 00 eb a2 66 0f 1f 84 00 00
0x00007f13ae198cbd:   00 00 00 4c 8d 6c 24 10 48 8d 35 c4 fe ff ff 4c
0x00007f13ae198ccd:   89 ef e8 5c 7f 00 00 e8 27 83 00 00 4d 85 e4 41
0x00007f13ae198cdd:   89 c6 74 27 8b 83 d0 02 00 00 85 c0 75 55 44 89
0x00007f13ae198ced:   f7 e8 6d 83 00 00 31 f6 4c 89 ef e8 53 7f 00 00
0x00007f13ae198cfd:   e9 32 ff ff ff 66 0f 1f 44 00 00 8b 93 d0 02 00
0x00007f13ae198d0d:   00 4c 8d 8b d0 02 00 00 41 b8 ca 00 00 00 85 d2
0x00007f13ae198d1d:   74 cc 90 45 31 d2 31 f6 4c 89 cf 44 89 c0 0f 05
0x00007f13ae198d2d:   8b 93 d0 02 00 00 85 d2 75 e9 eb b2 0f 1f 80 00
0x00007f13ae198d3d:   00 00 00 48 8d bb d0 02 00 00 4c 89 e6 e8 61 84
0x00007f13ae198d4d:   00 00 44 89 f7 89 44 24 0c e8 05 83 00 00 31 f6
0x00007f13ae198d5d:   4c 89 ef e8 eb 7e 00 00 8b 44 24 0c 85 c0 0f 84
0x00007f13ae198d6d:   c3 fe ff ff 48 c7 83 28 06 00 00 00 00 00 00 e9
0x00007f13ae198d7d:   d7 fe ff ff e8 4a ca ff ff 66 2e 0f 1f 84 00 00
0x00007f13ae198d8d:   00 00 00 64 48 8b 04 25 10 00 00 00 c3 66 0f 1f
0x00007f13ae198d9d:   44 00 00 31 c0 48 39 f7 0f 94 c0 c3 0f 1f 80 00
0x00007f13ae198dad:   00 00 00 e9 db ca ff ff 66 2e 0f 1f 84 00 00 00
0x00007f13ae198dbd:   00 00 90 8b 05 96 56 21 00 c3 66 0f 1f 84 00 00
0x00007f13ae198dcd:   00 00 00 85 ff 78 0c 89 3d 82 56 21 00 31 c0 c3
0x00007f13ae198ddd:   0f 1f 00 b8 16 00 00 00 c3 66 2e 0f 1f 84 00 00
0x00007f13ae198ded:   00 00 00 48 85 ff 0f 84 0f 01 00 00 8b 87 d0 02
0x00007f13ae198dfd:   00 00 85 c0 0f 8e 01 01 00 00 41 54 31 c0 55 49
0x00007f13ae198e0d:   89 d4 53 48 89 f5 48 89 fb be 01 00 00 00 f0 0f
0x00007f13ae198e1d:   b1 b3 18 06 00 00 74 1a 48 8d bb 18 06 00 00 48 


Stack slot to memory mapping:
stack at sp + 0 slots: 0x0 is NULL
stack at sp + 1 slots: 0x0 is NULL
stack at sp + 2 slots: 
[error occurred during error reporting (inspecting top of stack), id 0xb, SIGSEGV (0xb) at pc=0x00007f13adaf48e7]


---------------  P R O C E S S  ---------------

VM state:not at safepoint (normal execution)

VM Mutex/Monitor currently owned by a thread: None

Heap address: 0x0000000703000000, size: 4048 MB, Compressed Oops mode: Zero based, Oop shift amount: 3
Narrow klass base: 0x0000000800000000, Narrow klass shift: 3
Compressed class space size: 1073741824 Address: 0x0000000840000000

Heap:
 garbage-first heap   total 262144K, used 37341K [0x0000000703000000, 0x0000000800000000)
  region size 1024K, 37 young (37888K), 1 survivors (1024K)
 Metaspace       used 11755K, capacity 12069K, committed 12288K, reserved 1060864K
  class space    used 1352K, capacity 1488K, committed 1536K, reserved 1048576K
Heap Regions: E=young(eden), S=young(survivor), O=old, HS=humongous(starts), HC=humongous(continues), CS=collection set, F=free, A=archive, TAMS=top-at-mark-start (previous, next)
|   0|0x0000000703000000, 0x0000000703000000, 0x0000000703100000|  0%| F|  |TAMS 0x0000000703000000, 0x0000000703000000| Untracked 
|   1|0x0000000703100000, 0x0000000703100000, 0x0000000703200000|  0%| F|  |TAMS 0x0000000703100000, 0x0000000703100000| Untracked 
|   2|0x0000000703200000, 0x0000000703200000, 0x0000000703300000|  0%| F|  |TAMS 0x0000000703200000, 0x0000000703200000| Untracked 
|   3|0x0000000703300000, 0x0000000703300000, 0x0000000703400000|  0%| F|  |TAMS 0x0000000703300000, 0x0000000703300000| Untracked 
|   4|0x0000000703400000, 0x0000000703400000, 0x0000000703500000|  0%| F|  |TAMS 0x0000000703400000, 0x0000000703400000| Untracked 
|   5|0x0000000703500000, 0x0000000703500000, 0x0000000703600000|  0%| F|  |TAMS 0x0000000703500000, 0x0000000703500000| Untracked 
|   6|0x0000000703600000, 0x0000000703600000, 0x0000000703700000|  0%| F|  |TAMS 0x0000000703600000, 0x0000000703600000| Untracked 
|   7|0x0000000703700000, 0x0000000703700000, 0x0000000703800000|  0%| F|  |TAMS 0x0000000703700000, 0x0000000703700000| Untracked 
|   8|0x0000000703800000, 0x0000000703800000, 0x0000000703900000|  0%| F|  |TAMS 0x0000000703800000, 0x0000000703800000| Untracked 
|   9|0x0000000703900000, 0x0000000703900000, 0x0000000703a00000|  0%| F|  |TAMS 0x0000000703900000, 0x0000000703900000| Untracked 
|  10|0x0000000703a00000, 0x0000000703a00000, 0x0000000703b00000|  0%| F|  |TAMS 0x0000000703a00000, 0x0000000703a00000| Untracked 
|  11|0x0000000703b00000, 0x0000000703b00000, 0x0000000703c00000|  0%| F|  |TAMS 0x0000000703b00000, 0x0000000703b00000| Untracked 
|  12|0x0000000703c00000, 0x0000000703c00000, 0x0000000703d00000|  0%| F|  |TAMS 0x0000000703c00000, 0x0000000703c00000| Untracked 
|  13|0x0000000703d00000, 0x0000000703d00000, 0x0000000703e00000|  0%| F|  |TAMS 0x0000000703d00000, 0x0000000703d00000| Untracked 
|  14|0x0000000703e00000, 0x0000000703e00000, 0x0000000703f00000|  0%| F|  |TAMS 0x0000000703e00000, 0x0000000703e00000| Untracked 
|  15|0x0000000703f00000, 0x0000000703f00000, 0x0000000704000000|  0%| F|  |TAMS 0x0000000703f00000, 0x0000000703f00000| Untracked 
|  16|0x0000000704000000, 0x0000000704000000, 0x0000000704100000|  0%| F|  |TAMS 0x0000000704000000, 0x0000000704000000| Untracked 
|  17|0x0000000704100000, 0x0000000704100000, 0x0000000704200000|  0%| F|  |TAMS 0x0000000704100000, 0x0000000704100000| Untracked 
|  18|0x0000000704200000, 0x0000000704200000, 0x0000000704300000|  0%| F|  |TAMS 0x0000000704200000, 0x0000000704200000| Untracked 
|  19|0x0000000704300000, 0x0000000704300000, 0x0000000704400000|  0%| F|  |TAMS 0x0000000704300000, 0x0000000704300000| Untracked 
|  20|0x0000000704400000, 0x0000000704400000, 0x0000000704500000|  0%| F|  |TAMS 0x0000000704400000, 0x0000000704400000| Untracked 
|  21|0x0000000704500000, 0x0000000704500000, 0x0000000704600000|  0%| F|  |TAMS 0x0000000704500000, 0x0000000704500000| Untracked 
|  22|0x0000000704600000, 0x0000000704600000, 0x0000000704700000|  0%| F|  |TAMS 0x0000000704600000, 0x0000000704600000| Untracked 
|  23|0x0000000704700000, 0x0000000704700000, 0x0000000704800000|  0%| F|  |TAMS 0x0000000704700000, 0x0000000704700000| Untracked 
|  24|0x0000000704800000, 0x0000000704800000, 0x0000000704900000|  0%| F|  |TAMS 0x0000000704800000, 0x0000000704800000| Untracked 
|  25|0x0000000704900000, 0x0000000704900000, 0x0000000704a00000|  0%| F|  |TAMS 0x0000000704900000, 0x0000000704900000| Untracked 
|  26|0x0000000704a00000, 0x0000000704a00000, 0x0000000704b00000|  0%| F|  |TAMS 0x0000000704a00000, 0x0000000704a00000| Untracked 
|  27|0x0000000704b00000, 0x0000000704b00000, 0x0000000704c00000|  0%| F|  |TAMS 0x0000000704b00000, 0x0000000704b00000| Untracked 
|  28|0x0000000704c00000, 0x0000000704c00000, 0x0000000704d00000|  0%| F|  |TAMS 0x0000000704c00000, 0x0000000704c00000| Untracked 
|  29|0x0000000704d00000, 0x0000000704d00000, 0x0000000704e00000|  0%| F|  |TAMS 0x0000000704d00000, 0x0000000704d00000| Untracked 
|  30|0x0000000704e00000, 0x0000000704e00000, 0x0000000704f00000|  0%| F|  |TAMS 0x0000000704e00000, 0x0000000704e00000| Untracked 
|  31|0x0000000704f00000, 0x0000000704f00000, 0x0000000705000000|  0%| F|  |TAMS 0x0000000704f00000, 0x0000000704f00000| Untracked 
|  32|0x0000000705000000, 0x0000000705000000, 0x0000000705100000|  0%| F|  |TAMS 0x0000000705000000, 0x0000000705000000| Untracked 
|  33|0x0000000705100000, 0x0000000705100000, 0x0000000705200000|  0%| F|  |TAMS 0x0000000705100000, 0x0000000705100000| Untracked 
|  34|0x0000000705200000, 0x0000000705200000, 0x0000000705300000|  0%| F|  |TAMS 0x0000000705200000, 0x0000000705200000| Untracked 
|  35|0x0000000705300000, 0x0000000705300000, 0x0000000705400000|  0%| F|  |TAMS 0x0000000705300000, 0x0000000705300000| Untracked 
|  36|0x0000000705400000, 0x0000000705400000, 0x0000000705500000|  0%| F|  |TAMS 0x0000000705400000, 0x0000000705400000| Untracked 
|  37|0x0000000705500000, 0x0000000705500000, 0x0000000705600000|  0%| F|  |TAMS 0x0000000705500000, 0x0000000705500000| Untracked 
|  38|0x0000000705600000, 0x0000000705600000, 0x0000000705700000|  0%| F|  |TAMS 0x0000000705600000, 0x0000000705600000| Untracked 
|  39|0x0000000705700000, 0x0000000705700000, 0x0000000705800000|  0%| F|  |TAMS 0x0000000705700000, 0x0000000705700000| Untracked 
|  40|0x0000000705800000, 0x0000000705800000, 0x0000000705900000|  0%| F|  |TAMS 0x0000000705800000, 0x0000000705800000| Untracked 
|  41|0x0000000705900000, 0x0000000705900000, 0x0000000705a00000|  0%| F|  |TAMS 0x0000000705900000, 0x0000000705900000| Untracked 
|  42|0x0000000705a00000, 0x0000000705a00000, 0x0000000705b00000|  0%| F|  |TAMS 0x0000000705a00000, 0x0000000705a00000| Untracked 
|  43|0x0000000705b00000, 0x0000000705b00000, 0x0000000705c00000|  0%| F|  |TAMS 0x0000000705b00000, 0x0000000705b00000| Untracked 
|  44|0x0000000705c00000, 0x0000000705c00000, 0x0000000705d00000|  0%| F|  |TAMS 0x0000000705c00000, 0x0000000705c00000| Untracked 
|  45|0x0000000705d00000, 0x0000000705d00000, 0x0000000705e00000|  0%| F|  |TAMS 0x0000000705d00000, 0x0000000705d00000| Untracked 
|  46|0x0000000705e00000, 0x0000000705e00000, 0x0000000705f00000|  0%| F|  |TAMS 0x0000000705e00000, 0x0000000705e00000| Untracked 
|  47|0x0000000705f00000, 0x0000000705f00000, 0x0000000706000000|  0%| F|  |TAMS 0x0000000705f00000, 0x0000000705f00000| Untracked 
|  48|0x0000000706000000, 0x0000000706000000, 0x0000000706100000|  0%| F|  |TAMS 0x0000000706000000, 0x0000000706000000| Untracked 
|  49|0x0000000706100000, 0x0000000706100000, 0x0000000706200000|  0%| F|  |TAMS 0x0000000706100000, 0x0000000706100000| Untracked 
|  50|0x0000000706200000, 0x0000000706200000, 0x0000000706300000|  0%| F|  |TAMS 0x0000000706200000, 0x0000000706200000| Untracked 
|  51|0x0000000706300000, 0x0000000706300000, 0x0000000706400000|  0%| F|  |TAMS 0x0000000706300000, 0x0000000706300000| Untracked 
|  52|0x0000000706400000, 0x0000000706400000, 0x0000000706500000|  0%| F|  |TAMS 0x0000000706400000, 0x0000000706400000| Untracked 
|  53|0x0000000706500000, 0x0000000706500000, 0x0000000706600000|  0%| F|  |TAMS 0x0000000706500000, 0x0000000706500000| Untracked 
|  54|0x0000000706600000, 0x0000000706600000, 0x0000000706700000|  0%| F|  |TAMS 0x0000000706600000, 0x0000000706600000| Untracked 
|  55|0x0000000706700000, 0x0000000706700000, 0x0000000706800000|  0%| F|  |TAMS 0x0000000706700000, 0x0000000706700000| Untracked 
|  56|0x0000000706800000, 0x0000000706800000, 0x0000000706900000|  0%| F|  |TAMS 0x0000000706800000, 0x0000000706800000| Untracked 
|  57|0x0000000706900000, 0x0000000706900000, 0x0000000706a00000|  0%| F|  |TAMS 0x0000000706900000, 0x0000000706900000| Untracked 
|  58|0x0000000706a00000, 0x0000000706a00000, 0x0000000706b00000|  0%| F|  |TAMS 0x0000000706a00000, 0x0000000706a00000| Untracked 
|  59|0x0000000706b00000, 0x0000000706b00000, 0x0000000706c00000|  0%| F|  |TAMS 0x0000000706b00000, 0x0000000706b00000| Untracked 
|  60|0x0000000706c00000, 0x0000000706c00000, 0x0000000706d00000|  0%| F|  |TAMS 0x0000000706c00000, 0x0000000706c00000| Untracked 
|  61|0x0000000706d00000, 0x0000000706d00000, 0x0000000706e00000|  0%| F|  |TAMS 0x0000000706d00000, 0x0000000706d00000| Untracked 
|  62|0x0000000706e00000, 0x0000000706e00000, 0x0000000706f00000|  0%| F|  |TAMS 0x0000000706e00000, 0x0000000706e00000| Untracked 
|  63|0x0000000706f00000, 0x0000000706f00000, 0x0000000707000000|  0%| F|  |TAMS 0x0000000706f00000, 0x0000000706f00000| Untracked 
|  64|0x0000000707000000, 0x0000000707000000, 0x0000000707100000|  0%| F|  |TAMS 0x0000000707000000, 0x0000000707000000| Untracked 
|  65|0x0000000707100000, 0x0000000707100000, 0x0000000707200000|  0%| F|  |TAMS 0x0000000707100000, 0x0000000707100000| Untracked 
|  66|0x0000000707200000, 0x0000000707200000, 0x0000000707300000|  0%| F|  |TAMS 0x0000000707200000, 0x0000000707200000| Untracked 
|  67|0x0000000707300000, 0x0000000707300000, 0x0000000707400000|  0%| F|  |TAMS 0x0000000707300000, 0x0000000707300000| Untracked 
|  68|0x0000000707400000, 0x0000000707400000, 0x0000000707500000|  0%| F|  |TAMS 0x0000000707400000, 0x0000000707400000| Untracked 
|  69|0x0000000707500000, 0x0000000707500000, 0x0000000707600000|  0%| F|  |TAMS 0x0000000707500000, 0x0000000707500000| Untracked 
|  70|0x0000000707600000, 0x0000000707600000, 0x0000000707700000|  0%| F|  |TAMS 0x0000000707600000, 0x0000000707600000| Untracked 
|  71|0x0000000707700000, 0x0000000707700000, 0x0000000707800000|  0%| F|  |TAMS 0x0000000707700000, 0x0000000707700000| Untracked 
|  72|0x0000000707800000, 0x0000000707800000, 0x0000000707900000|  0%| F|  |TAMS 0x0000000707800000, 0x0000000707800000| Untracked 
|  73|0x0000000707900000, 0x0000000707900000, 0x0000000707a00000|  0%| F|  |TAMS 0x0000000707900000, 0x0000000707900000| Untracked 
|  74|0x0000000707a00000, 0x0000000707a00000, 0x0000000707b00000|  0%| F|  |TAMS 0x0000000707a00000, 0x0000000707a00000| Untracked 
|  75|0x0000000707b00000, 0x0000000707b00000, 0x0000000707c00000|  0%| F|  |TAMS 0x0000000707b00000, 0x0000000707b00000| Untracked 
|  76|0x0000000707c00000, 0x0000000707c00000, 0x0000000707d00000|  0%| F|  |TAMS 0x0000000707c00000, 0x0000000707c00000| Untracked 
|  77|0x0000000707d00000, 0x0000000707d00000, 0x0000000707e00000|  0%| F|  |TAMS 0x0000000707d00000, 0x0000000707d00000| Untracked 
|  78|0x0000000707e00000, 0x0000000707e00000, 0x0000000707f00000|  0%| F|  |TAMS 0x0000000707e00000, 0x0000000707e00000| Untracked 
|  79|0x0000000707f00000, 0x0000000707f00000, 0x0000000708000000|  0%| F|  |TAMS 0x0000000707f00000, 0x0000000707f00000| Untracked 
|  80|0x0000000708000000, 0x0000000708000000, 0x0000000708100000|  0%| F|  |TAMS 0x0000000708000000, 0x0000000708000000| Untracked 
|  81|0x0000000708100000, 0x0000000708100000, 0x0000000708200000|  0%| F|  |TAMS 0x0000000708100000, 0x0000000708100000| Untracked 
|  82|0x0000000708200000, 0x0000000708200000, 0x0000000708300000|  0%| F|  |TAMS 0x0000000708200000, 0x0000000708200000| Untracked 
|  83|0x0000000708300000, 0x0000000708300000, 0x0000000708400000|  0%| F|  |TAMS 0x0000000708300000, 0x0000000708300000| Untracked 
|  84|0x0000000708400000, 0x0000000708400000, 0x0000000708500000|  0%| F|  |TAMS 0x0000000708400000, 0x0000000708400000| Untracked 
|  85|0x0000000708500000, 0x0000000708500000, 0x0000000708600000|  0%| F|  |TAMS 0x0000000708500000, 0x0000000708500000| Untracked 
|  86|0x0000000708600000, 0x0000000708600000, 0x0000000708700000|  0%| F|  |TAMS 0x0000000708600000, 0x0000000708600000| Untracked 
|  87|0x0000000708700000, 0x0000000708700000, 0x0000000708800000|  0%| F|  |TAMS 0x0000000708700000, 0x0000000708700000| Untracked 
|  88|0x0000000708800000, 0x0000000708800000, 0x0000000708900000|  0%| F|  |TAMS 0x0000000708800000, 0x0000000708800000| Untracked 
|  89|0x0000000708900000, 0x0000000708900000, 0x0000000708a00000|  0%| F|  |TAMS 0x0000000708900000, 0x0000000708900000| Untracked 
|  90|0x0000000708a00000, 0x0000000708a00000, 0x0000000708b00000|  0%| F|  |TAMS 0x0000000708a00000, 0x0000000708a00000| Untracked 
|  91|0x0000000708b00000, 0x0000000708b00000, 0x0000000708c00000|  0%| F|  |TAMS 0x0000000708b00000, 0x0000000708b00000| Untracked 
|  92|0x0000000708c00000, 0x0000000708c00000, 0x0000000708d00000|  0%| F|  |TAMS 0x0000000708c00000, 0x0000000708c00000| Untracked 
|  93|0x0000000708d00000, 0x0000000708d00000, 0x0000000708e00000|  0%| F|  |TAMS 0x0000000708d00000, 0x0000000708d00000| Untracked 
|  94|0x0000000708e00000, 0x0000000708e00000, 0x0000000708f00000|  0%| F|  |TAMS 0x0000000708e00000, 0x0000000708e00000| Untracked 
|  95|0x0000000708f00000, 0x0000000708f00000, 0x0000000709000000|  0%| F|  |TAMS 0x0000000708f00000, 0x0000000708f00000| Untracked 
|  96|0x0000000709000000, 0x0000000709000000, 0x0000000709100000|  0%| F|  |TAMS 0x0000000709000000, 0x0000000709000000| Untracked 
|  97|0x0000000709100000, 0x0000000709100000, 0x0000000709200000|  0%| F|  |TAMS 0x0000000709100000, 0x0000000709100000| Untracked 
|  98|0x0000000709200000, 0x0000000709200000, 0x0000000709300000|  0%| F|  |TAMS 0x0000000709200000, 0x0000000709200000| Untracked 
|  99|0x0000000709300000, 0x0000000709300000, 0x0000000709400000|  0%| F|  |TAMS 0x0000000709300000, 0x0000000709300000| Untracked 
| 100|0x0000000709400000, 0x0000000709400000, 0x0000000709500000|  0%| F|  |TAMS 0x0000000709400000, 0x0000000709400000| Untracked 
| 101|0x0000000709500000, 0x0000000709500000, 0x0000000709600000|  0%| F|  |TAMS 0x0000000709500000, 0x0000000709500000| Untracked 
| 102|0x0000000709600000, 0x0000000709600000, 0x0000000709700000|  0%| F|  |TAMS 0x0000000709600000, 0x0000000709600000| Untracked 
| 103|0x0000000709700000, 0x0000000709700000, 0x0000000709800000|  0%| F|  |TAMS 0x0000000709700000, 0x0000000709700000| Untracked 
| 104|0x0000000709800000, 0x0000000709800000, 0x0000000709900000|  0%| F|  |TAMS 0x0000000709800000, 0x0000000709800000| Untracked 
| 105|0x0000000709900000, 0x0000000709900000, 0x0000000709a00000|  0%| F|  |TAMS 0x0000000709900000, 0x0000000709900000| Untracked 
| 106|0x0000000709a00000, 0x0000000709a00000, 0x0000000709b00000|  0%| F|  |TAMS 0x0000000709a00000, 0x0000000709a00000| Untracked 
| 107|0x0000000709b00000, 0x0000000709b00000, 0x0000000709c00000|  0%| F|  |TAMS 0x0000000709b00000, 0x0000000709b00000| Untracked 
| 108|0x0000000709c00000, 0x0000000709c00000, 0x0000000709d00000|  0%| F|  |TAMS 0x0000000709c00000, 0x0000000709c00000| Untracked 
| 109|0x0000000709d00000, 0x0000000709d00000, 0x0000000709e00000|  0%| F|  |TAMS 0x0000000709d00000, 0x0000000709d00000| Untracked 
| 110|0x0000000709e00000, 0x0000000709e00000, 0x0000000709f00000|  0%| F|  |TAMS 0x0000000709e00000, 0x0000000709e00000| Untracked 
| 111|0x0000000709f00000, 0x0000000709f00000, 0x000000070a000000|  0%| F|  |TAMS 0x0000000709f00000, 0x0000000709f00000| Untracked 
| 112|0x000000070a000000, 0x000000070a000000, 0x000000070a100000|  0%| F|  |TAMS 0x000000070a000000, 0x000000070a000000| Untracked 
| 113|0x000000070a100000, 0x000000070a100000, 0x000000070a200000|  0%| F|  |TAMS 0x000000070a100000, 0x000000070a100000| Untracked 
| 114|0x000000070a200000, 0x000000070a200000, 0x000000070a300000|  0%| F|  |TAMS 0x000000070a200000, 0x000000070a200000| Untracked 
| 115|0x000000070a300000, 0x000000070a300000, 0x000000070a400000|  0%| F|  |TAMS 0x000000070a300000, 0x000000070a300000| Untracked 
| 116|0x000000070a400000, 0x000000070a400000, 0x000000070a500000|  0%| F|  |TAMS 0x000000070a400000, 0x000000070a400000| Untracked 
| 117|0x000000070a500000, 0x000000070a500000, 0x000000070a600000|  0%| F|  |TAMS 0x000000070a500000, 0x000000070a500000| Untracked 
| 118|0x000000070a600000, 0x000000070a600000, 0x000000070a700000|  0%| F|  |TAMS 0x000000070a600000, 0x000000070a600000| Untracked 
| 119|0x000000070a700000, 0x000000070a700000, 0x000000070a800000|  0%| F|  |TAMS 0x000000070a700000, 0x000000070a700000| Untracked 
| 120|0x000000070a800000, 0x000000070a800000, 0x000000070a900000|  0%| F|  |TAMS 0x000000070a800000, 0x000000070a800000| Untracked 
| 121|0x000000070a900000, 0x000000070a900000, 0x000000070aa00000|  0%| F|  |TAMS 0x000000070a900000, 0x000000070a900000| Untracked 
| 122|0x000000070aa00000, 0x000000070aa00000, 0x000000070ab00000|  0%| F|  |TAMS 0x000000070aa00000, 0x000000070aa00000| Untracked 
| 123|0x000000070ab00000, 0x000000070ab00000, 0x000000070ac00000|  0%| F|  |TAMS 0x000000070ab00000, 0x000000070ab00000| Untracked 
| 124|0x000000070ac00000, 0x000000070ac00000, 0x000000070ad00000|  0%| F|  |TAMS 0x000000070ac00000, 0x000000070ac00000| Untracked 
| 125|0x000000070ad00000, 0x000000070ad00000, 0x000000070ae00000|  0%| F|  |TAMS 0x000000070ad00000, 0x000000070ad00000| Untracked 
| 126|0x000000070ae00000, 0x000000070ae00000, 0x000000070af00000|  0%| F|  |TAMS 0x000000070ae00000, 0x000000070ae00000| Untracked 
| 127|0x000000070af00000, 0x000000070af00000, 0x000000070b000000|  0%| F|  |TAMS 0x000000070af00000, 0x000000070af00000| Untracked 
| 128|0x000000070b000000, 0x000000070b000000, 0x000000070b100000|  0%| F|  |TAMS 0x000000070b000000, 0x000000070b000000| Untracked 
| 129|0x000000070b100000, 0x000000070b100000, 0x000000070b200000|  0%| F|  |TAMS 0x000000070b100000, 0x000000070b100000| Untracked 
| 130|0x000000070b200000, 0x000000070b200000, 0x000000070b300000|  0%| F|  |TAMS 0x000000070b200000, 0x000000070b200000| Untracked 
| 131|0x000000070b300000, 0x000000070b300000, 0x000000070b400000|  0%| F|  |TAMS 0x000000070b300000, 0x000000070b300000| Untracked 
| 132|0x000000070b400000, 0x000000070b400000, 0x000000070b500000|  0%| F|  |TAMS 0x000000070b400000, 0x000000070b400000| Untracked 
| 133|0x000000070b500000, 0x000000070b500000, 0x000000070b600000|  0%| F|  |TAMS 0x000000070b500000, 0x000000070b500000| Untracked 
| 134|0x000000070b600000, 0x000000070b600000, 0x000000070b700000|  0%| F|  |TAMS 0x000000070b600000, 0x000000070b600000| Untracked 
| 135|0x000000070b700000, 0x000000070b700000, 0x000000070b800000|  0%| F|  |TAMS 0x000000070b700000, 0x000000070b700000| Untracked 
| 136|0x000000070b800000, 0x000000070b800000, 0x000000070b900000|  0%| F|  |TAMS 0x000000070b800000, 0x000000070b800000| Untracked 
| 137|0x000000070b900000, 0x000000070b900000, 0x000000070ba00000|  0%| F|  |TAMS 0x000000070b900000, 0x000000070b900000| Untracked 
| 138|0x000000070ba00000, 0x000000070ba00000, 0x000000070bb00000|  0%| F|  |TAMS 0x000000070ba00000, 0x000000070ba00000| Untracked 
| 139|0x000000070bb00000, 0x000000070bb00000, 0x000000070bc00000|  0%| F|  |TAMS 0x000000070bb00000, 0x000000070bb00000| Untracked 
| 140|0x000000070bc00000, 0x000000070bc00000, 0x000000070bd00000|  0%| F|  |TAMS 0x000000070bc00000, 0x000000070bc00000| Untracked 
| 141|0x000000070bd00000, 0x000000070bd00000, 0x000000070be00000|  0%| F|  |TAMS 0x000000070bd00000, 0x000000070bd00000| Untracked 
| 142|0x000000070be00000, 0x000000070be00000, 0x000000070bf00000|  0%| F|  |TAMS 0x000000070be00000, 0x000000070be00000| Untracked 
| 143|0x000000070bf00000, 0x000000070bf00000, 0x000000070c000000|  0%| F|  |TAMS 0x000000070bf00000, 0x000000070bf00000| Untracked 
| 144|0x000000070c000000, 0x000000070c000000, 0x000000070c100000|  0%| F|  |TAMS 0x000000070c000000, 0x000000070c000000| Untracked 
| 145|0x000000070c100000, 0x000000070c100000, 0x000000070c200000|  0%| F|  |TAMS 0x000000070c100000, 0x000000070c100000| Untracked 
| 146|0x000000070c200000, 0x000000070c200000, 0x000000070c300000|  0%| F|  |TAMS 0x000000070c200000, 0x000000070c200000| Untracked 
| 147|0x000000070c300000, 0x000000070c300000, 0x000000070c400000|  0%| F|  |TAMS 0x000000070c300000, 0x000000070c300000| Untracked 
| 148|0x000000070c400000, 0x000000070c400000, 0x000000070c500000|  0%| F|  |TAMS 0x000000070c400000, 0x000000070c400000| Untracked 
| 149|0x000000070c500000, 0x000000070c500000, 0x000000070c600000|  0%| F|  |TAMS 0x000000070c500000, 0x000000070c500000| Untracked 
| 150|0x000000070c600000, 0x000000070c600000, 0x000000070c700000|  0%| F|  |TAMS 0x000000070c600000, 0x000000070c600000| Untracked 
| 151|0x000000070c700000, 0x000000070c700000, 0x000000070c800000|  0%| F|  |TAMS 0x000000070c700000, 0x000000070c700000| Untracked 
| 152|0x000000070c800000, 0x000000070c800000, 0x000000070c900000|  0%| F|  |TAMS 0x000000070c800000, 0x000000070c800000| Untracked 
| 153|0x000000070c900000, 0x000000070c900000, 0x000000070ca00000|  0%| F|  |TAMS 0x000000070c900000, 0x000000070c900000| Untracked 
| 154|0x000000070ca00000, 0x000000070ca00000, 0x000000070cb00000|  0%| F|  |TAMS 0x000000070ca00000, 0x000000070ca00000| Untracked 
| 155|0x000000070cb00000, 0x000000070cb00000, 0x000000070cc00000|  0%| F|  |TAMS 0x000000070cb00000, 0x000000070cb00000| Untracked 
| 156|0x000000070cc00000, 0x000000070cc00000, 0x000000070cd00000|  0%| F|  |TAMS 0x000000070cc00000, 0x000000070cc00000| Untracked 
| 157|0x000000070cd00000, 0x000000070cd00000, 0x000000070ce00000|  0%| F|  |TAMS 0x000000070cd00000, 0x000000070cd00000| Untracked 
| 158|0x000000070ce00000, 0x000000070ce00000, 0x000000070cf00000|  0%| F|  |TAMS 0x000000070ce00000, 0x000000070ce00000| Untracked 
| 159|0x000000070cf00000, 0x000000070cf00000, 0x000000070d000000|  0%| F|  |TAMS 0x000000070cf00000, 0x000000070cf00000| Untracked 
| 160|0x000000070d000000, 0x000000070d000000, 0x000000070d100000|  0%| F|  |TAMS 0x000000070d000000, 0x000000070d000000| Untracked 
| 161|0x000000070d100000, 0x000000070d100000, 0x000000070d200000|  0%| F|  |TAMS 0x000000070d100000, 0x000000070d100000| Untracked 
| 162|0x000000070d200000, 0x000000070d200000, 0x000000070d300000|  0%| F|  |TAMS 0x000000070d200000, 0x000000070d200000| Untracked 
| 163|0x000000070d300000, 0x000000070d300000, 0x000000070d400000|  0%| F|  |TAMS 0x000000070d300000, 0x000000070d300000| Untracked 
| 164|0x000000070d400000, 0x000000070d400000, 0x000000070d500000|  0%| F|  |TAMS 0x000000070d400000, 0x000000070d400000| Untracked 
| 165|0x000000070d500000, 0x000000070d500000, 0x000000070d600000|  0%| F|  |TAMS 0x000000070d500000, 0x000000070d500000| Untracked 
| 166|0x000000070d600000, 0x000000070d600000, 0x000000070d700000|  0%| F|  |TAMS 0x000000070d600000, 0x000000070d600000| Untracked 
| 167|0x000000070d700000, 0x000000070d700000, 0x000000070d800000|  0%| F|  |TAMS 0x000000070d700000, 0x000000070d700000| Untracked 
| 168|0x000000070d800000, 0x000000070d800000, 0x000000070d900000|  0%| F|  |TAMS 0x000000070d800000, 0x000000070d800000| Untracked 
| 169|0x000000070d900000, 0x000000070d900000, 0x000000070da00000|  0%| F|  |TAMS 0x000000070d900000, 0x000000070d900000| Untracked 
| 170|0x000000070da00000, 0x000000070da00000, 0x000000070db00000|  0%| F|  |TAMS 0x000000070da00000, 0x000000070da00000| Untracked 
| 171|0x000000070db00000, 0x000000070db00000, 0x000000070dc00000|  0%| F|  |TAMS 0x000000070db00000, 0x000000070db00000| Untracked 
| 172|0x000000070dc00000, 0x000000070dc00000, 0x000000070dd00000|  0%| F|  |TAMS 0x000000070dc00000, 0x000000070dc00000| Untracked 
| 173|0x000000070dd00000, 0x000000070dd00000, 0x000000070de00000|  0%| F|  |TAMS 0x000000070dd00000, 0x000000070dd00000| Untracked 
| 174|0x000000070de00000, 0x000000070de00000, 0x000000070df00000|  0%| F|  |TAMS 0x000000070de00000, 0x000000070de00000| Untracked 
| 175|0x000000070df00000, 0x000000070df00000, 0x000000070e000000|  0%| F|  |TAMS 0x000000070df00000, 0x000000070df00000| Untracked 
| 176|0x000000070e000000, 0x000000070e000000, 0x000000070e100000|  0%| F|  |TAMS 0x000000070e000000, 0x000000070e000000| Untracked 
| 177|0x000000070e100000, 0x000000070e100000, 0x000000070e200000|  0%| F|  |TAMS 0x000000070e100000, 0x000000070e100000| Untracked 
| 178|0x000000070e200000, 0x000000070e200000, 0x000000070e300000|  0%| F|  |TAMS 0x000000070e200000, 0x000000070e200000| Untracked 
| 179|0x000000070e300000, 0x000000070e300000, 0x000000070e400000|  0%| F|  |TAMS 0x000000070e300000, 0x000000070e300000| Untracked 
| 180|0x000000070e400000, 0x000000070e400000, 0x000000070e500000|  0%| F|  |TAMS 0x000000070e400000, 0x000000070e400000| Untracked 
| 181|0x000000070e500000, 0x000000070e500000, 0x000000070e600000|  0%| F|  |TAMS 0x000000070e500000, 0x000000070e500000| Untracked 
| 182|0x000000070e600000, 0x000000070e600000, 0x000000070e700000|  0%| F|  |TAMS 0x000000070e600000, 0x000000070e600000| Untracked 
| 183|0x000000070e700000, 0x000000070e700000, 0x000000070e800000|  0%| F|  |TAMS 0x000000070e700000, 0x000000070e700000| Untracked 
| 184|0x000000070e800000, 0x000000070e800000, 0x000000070e900000|  0%| F|  |TAMS 0x000000070e800000, 0x000000070e800000| Untracked 
| 185|0x000000070e900000, 0x000000070e900000, 0x000000070ea00000|  0%| F|  |TAMS 0x000000070e900000, 0x000000070e900000| Untracked 
| 186|0x000000070ea00000, 0x000000070ea00000, 0x000000070eb00000|  0%| F|  |TAMS 0x000000070ea00000, 0x000000070ea00000| Untracked 
| 187|0x000000070eb00000, 0x000000070eb00000, 0x000000070ec00000|  0%| F|  |TAMS 0x000000070eb00000, 0x000000070eb00000| Untracked 
| 188|0x000000070ec00000, 0x000000070ec00000, 0x000000070ed00000|  0%| F|  |TAMS 0x000000070ec00000, 0x000000070ec00000| Untracked 
| 189|0x000000070ed00000, 0x000000070ed00000, 0x000000070ee00000|  0%| F|  |TAMS 0x000000070ed00000, 0x000000070ed00000| Untracked 
| 190|0x000000070ee00000, 0x000000070ee00000, 0x000000070ef00000|  0%| F|  |TAMS 0x000000070ee00000, 0x000000070ee00000| Untracked 
| 191|0x000000070ef00000, 0x000000070ef00000, 0x000000070f000000|  0%| F|  |TAMS 0x000000070ef00000, 0x000000070ef00000| Untracked 
| 192|0x000000070f000000, 0x000000070f000000, 0x000000070f100000|  0%| F|  |TAMS 0x000000070f000000, 0x000000070f000000| Untracked 
| 193|0x000000070f100000, 0x000000070f100000, 0x000000070f200000|  0%| F|  |TAMS 0x000000070f100000, 0x000000070f100000| Untracked 
| 194|0x000000070f200000, 0x000000070f200000, 0x000000070f300000|  0%| F|  |TAMS 0x000000070f200000, 0x000000070f200000| Untracked 
| 195|0x000000070f300000, 0x000000070f300000, 0x000000070f400000|  0%| F|  |TAMS 0x000000070f300000, 0x000000070f300000| Untracked 
| 196|0x000000070f400000, 0x000000070f400000, 0x000000070f500000|  0%| F|  |TAMS 0x000000070f400000, 0x000000070f400000| Untracked 
| 197|0x000000070f500000, 0x000000070f500000, 0x000000070f600000|  0%| F|  |TAMS 0x000000070f500000, 0x000000070f500000| Untracked 
| 198|0x000000070f600000, 0x000000070f600000, 0x000000070f700000|  0%| F|  |TAMS 0x000000070f600000, 0x000000070f600000| Untracked 
| 199|0x000000070f700000, 0x000000070f700000, 0x000000070f800000|  0%| F|  |TAMS 0x000000070f700000, 0x000000070f700000| Untracked 
| 200|0x000000070f800000, 0x000000070f800000, 0x000000070f900000|  0%| F|  |TAMS 0x000000070f800000, 0x000000070f800000| Untracked 
| 201|0x000000070f900000, 0x000000070f900000, 0x000000070fa00000|  0%| F|  |TAMS 0x000000070f900000, 0x000000070f900000| Untracked 
| 202|0x000000070fa00000, 0x000000070fa00000, 0x000000070fb00000|  0%| F|  |TAMS 0x000000070fa00000, 0x000000070fa00000| Untracked 
| 203|0x000000070fb00000, 0x000000070fb00000, 0x000000070fc00000|  0%| F|  |TAMS 0x000000070fb00000, 0x000000070fb00000| Untracked 
| 204|0x000000070fc00000, 0x000000070fc00000, 0x000000070fd00000|  0%| F|  |TAMS 0x000000070fc00000, 0x000000070fc00000| Untracked 
| 205|0x000000070fd00000, 0x000000070fd00000, 0x000000070fe00000|  0%| F|  |TAMS 0x000000070fd00000, 0x000000070fd00000| Untracked 
| 206|0x000000070fe00000, 0x000000070fe00000, 0x000000070ff00000|  0%| F|  |TAMS 0x000000070fe00000, 0x000000070fe00000| Untracked 
| 207|0x000000070ff00000, 0x000000070ff00000, 0x0000000710000000|  0%| F|  |TAMS 0x000000070ff00000, 0x000000070ff00000| Untracked 
| 208|0x0000000710000000, 0x0000000710000000, 0x0000000710100000|  0%| F|  |TAMS 0x0000000710000000, 0x0000000710000000| Untracked 
| 209|0x0000000710100000, 0x0000000710100000, 0x0000000710200000|  0%| F|  |TAMS 0x0000000710100000, 0x0000000710100000| Untracked 
| 210|0x0000000710200000, 0x0000000710200000, 0x0000000710300000|  0%| F|  |TAMS 0x0000000710200000, 0x0000000710200000| Untracked 
| 211|0x0000000710300000, 0x0000000710300000, 0x0000000710400000|  0%| F|  |TAMS 0x0000000710300000, 0x0000000710300000| Untracked 
| 212|0x0000000710400000, 0x0000000710400000, 0x0000000710500000|  0%| F|  |TAMS 0x0000000710400000, 0x0000000710400000| Untracked 
| 213|0x0000000710500000, 0x0000000710500000, 0x0000000710600000|  0%| F|  |TAMS 0x0000000710500000, 0x0000000710500000| Untracked 
| 214|0x0000000710600000, 0x0000000710600000, 0x0000000710700000|  0%| F|  |TAMS 0x0000000710600000, 0x0000000710600000| Untracked 
| 215|0x0000000710700000, 0x0000000710700000, 0x0000000710800000|  0%| F|  |TAMS 0x0000000710700000, 0x0000000710700000| Untracked 
| 216|0x0000000710800000, 0x0000000710800000, 0x0000000710900000|  0%| F|  |TAMS 0x0000000710800000, 0x0000000710800000| Untracked 
| 217|0x0000000710900000, 0x0000000710980800, 0x0000000710a00000| 50%| E|  |TAMS 0x0000000710900000, 0x0000000710900000| Complete 
| 218|0x0000000710a00000, 0x0000000710b00000, 0x0000000710b00000|100%| E|CS|TAMS 0x0000000710a00000, 0x0000000710a00000| Complete 
| 219|0x0000000710b00000, 0x0000000710c00000, 0x0000000710c00000|100%| E|CS|TAMS 0x0000000710b00000, 0x0000000710b00000| Complete 
| 220|0x0000000710c00000, 0x0000000710d00000, 0x0000000710d00000|100%| E|CS|TAMS 0x0000000710c00000, 0x0000000710c00000| Complete 
| 221|0x0000000710d00000, 0x0000000710e00000, 0x0000000710e00000|100%| E|CS|TAMS 0x0000000710d00000, 0x0000000710d00000| Complete 
| 222|0x0000000710e00000, 0x0000000710f00000, 0x0000000710f00000|100%| E|CS|TAMS 0x0000000710e00000, 0x0000000710e00000| Complete 
| 223|0x0000000710f00000, 0x0000000711000000, 0x0000000711000000|100%| E|CS|TAMS 0x0000000710f00000, 0x0000000710f00000| Complete 
| 224|0x0000000711000000, 0x0000000711100000, 0x0000000711100000|100%| E|CS|TAMS 0x0000000711000000, 0x0000000711000000| Complete 
| 225|0x0000000711100000, 0x0000000711200000, 0x0000000711200000|100%| E|CS|TAMS 0x0000000711100000, 0x0000000711100000| Complete 
| 226|0x0000000711200000, 0x0000000711300000, 0x0000000711300000|100%| E|CS|TAMS 0x0000000711200000, 0x0000000711200000| Complete 
| 227|0x0000000711300000, 0x0000000711400000, 0x0000000711400000|100%| E|CS|TAMS 0x0000000711300000, 0x0000000711300000| Complete 
| 228|0x0000000711400000, 0x0000000711500000, 0x0000000711500000|100%| E|CS|TAMS 0x0000000711400000, 0x0000000711400000| Complete 
| 229|0x0000000711500000, 0x00000007115d9508, 0x0000000711600000| 84%| S|CS|TAMS 0x0000000711500000, 0x0000000711500000| Complete 
| 230|0x0000000711600000, 0x0000000711700000, 0x0000000711700000|100%| E|CS|TAMS 0x0000000711600000, 0x0000000711600000| Complete 
| 231|0x0000000711700000, 0x0000000711800000, 0x0000000711800000|100%| E|CS|TAMS 0x0000000711700000, 0x0000000711700000| Complete 
| 232|0x0000000711800000, 0x0000000711900000, 0x0000000711900000|100%| E|CS|TAMS 0x0000000711800000, 0x0000000711800000| Complete 
| 233|0x0000000711900000, 0x0000000711a00000, 0x0000000711a00000|100%| E|CS|TAMS 0x0000000711900000, 0x0000000711900000| Complete 
| 234|0x0000000711a00000, 0x0000000711b00000, 0x0000000711b00000|100%| E|CS|TAMS 0x0000000711a00000, 0x0000000711a00000| Complete 
| 235|0x0000000711b00000, 0x0000000711c00000, 0x0000000711c00000|100%| E|CS|TAMS 0x0000000711b00000, 0x0000000711b00000| Complete 
| 236|0x0000000711c00000, 0x0000000711d00000, 0x0000000711d00000|100%| E|CS|TAMS 0x0000000711c00000, 0x0000000711c00000| Complete 
| 237|0x0000000711d00000, 0x0000000711e00000, 0x0000000711e00000|100%| E|CS|TAMS 0x0000000711d00000, 0x0000000711d00000| Complete 
| 238|0x0000000711e00000, 0x0000000711f00000, 0x0000000711f00000|100%| E|CS|TAMS 0x0000000711e00000, 0x0000000711e00000| Complete 
| 239|0x0000000711f00000, 0x0000000712000000, 0x0000000712000000|100%| E|CS|TAMS 0x0000000711f00000, 0x0000000711f00000| Complete 
| 240|0x0000000712000000, 0x0000000712100000, 0x0000000712100000|100%| E|CS|TAMS 0x0000000712000000, 0x0000000712000000| Complete 
| 241|0x0000000712100000, 0x0000000712200000, 0x0000000712200000|100%| E|CS|TAMS 0x0000000712100000, 0x0000000712100000| Complete 
| 242|0x0000000712200000, 0x0000000712300000, 0x0000000712300000|100%| E|CS|TAMS 0x0000000712200000, 0x0000000712200000| Complete 
| 243|0x0000000712300000, 0x0000000712400000, 0x0000000712400000|100%| E|CS|TAMS 0x0000000712300000, 0x0000000712300000| Complete 
| 244|0x0000000712400000, 0x0000000712500000, 0x0000000712500000|100%| E|CS|TAMS 0x0000000712400000, 0x0000000712400000| Complete 
| 245|0x0000000712500000, 0x0000000712600000, 0x0000000712600000|100%| E|CS|TAMS 0x0000000712500000, 0x0000000712500000| Complete 
| 246|0x0000000712600000, 0x0000000712700000, 0x0000000712700000|100%| E|CS|TAMS 0x0000000712600000, 0x0000000712600000| Complete 
| 247|0x0000000712700000, 0x0000000712800000, 0x0000000712800000|100%| E|CS|TAMS 0x0000000712700000, 0x0000000712700000| Complete 
| 248|0x0000000712800000, 0x0000000712900000, 0x0000000712900000|100%| E|CS|TAMS 0x0000000712800000, 0x0000000712800000| Complete 
| 249|0x0000000712900000, 0x0000000712a00000, 0x0000000712a00000|100%| E|CS|TAMS 0x0000000712900000, 0x0000000712900000| Complete 
| 250|0x0000000712a00000, 0x0000000712b00000, 0x0000000712b00000|100%| E|CS|TAMS 0x0000000712a00000, 0x0000000712a00000| Complete 
| 251|0x0000000712b00000, 0x0000000712c00000, 0x0000000712c00000|100%| E|CS|TAMS 0x0000000712b00000, 0x0000000712b00000| Complete 
| 252|0x0000000712c00000, 0x0000000712d00000, 0x0000000712d00000|100%| E|CS|TAMS 0x0000000712c00000, 0x0000000712c00000| Complete 
| 253|0x0000000712d00000, 0x0000000712e00000, 0x0000000712e00000|100%| E|CS|TAMS 0x0000000712d00000, 0x0000000712d00000| Complete 
|3022|0x00000007bfe00000, 0x00000007bfe34000, 0x00000007bff00000| 20%|OA|  |TAMS 0x00000007bfe00000, 0x00000007bfe00000| Untracked 
|3023|0x00000007bff00000, 0x00000007bff6a000, 0x00000007c0000000| 41%|CA|  |TAMS 0x00000007bff00000, 0x00000007bff00000| Untracked 

Card table byte_map: [0x00007f138dd30000,0x00007f138e518000] _byte_map_base: 0x00007f138a518000

Marking Bits (Prev, Next): (CMBitMap*) 0x00007f13a807da38, (CMBitMap*) 0x00007f13a807da70
 Prev Bits: [0x00007f13840c0000, 0x00007f1388000000)
 Next Bits: [0x00007f1380180000, 0x00007f13840c0000)

Polling page: 0x00007f13af030000

Metaspace:

Usage:
  Non-class:     10.33 MB capacity,    10.16 MB ( 98%) used,   150.03 KB (  1%) free+waste,    28.12 KB ( <1%) overhead. 
      Class:      1.45 MB capacity,     1.32 MB ( 91%) used,   121.23 KB (  8%) free+waste,    14.06 KB ( <1%) overhead. 
       Both:     11.79 MB capacity,    11.48 MB ( 97%) used,   271.26 KB (  2%) free+waste,    42.19 KB ( <1%) overhead. 

Virtual space:
  Non-class space:       12.00 MB reserved,      10.50 MB ( 88%) committed 
      Class space:        1.00 GB reserved,       1.50 MB ( <1%) committed 
             Both:        1.01 GB reserved,      12.00 MB (  1%) committed 

Chunk freelists:
   Non-Class:  43.00 KB
       Class:  16.00 KB
        Both:  59.00 KB

CodeHeap 'non-profiled nmethods': size=120032Kb used=659Kb max_used=659Kb free=119372Kb
 bounds [0x00007f1397568000, 0x00007f13977d8000, 0x00007f139eaa0000]
CodeHeap 'profiled nmethods': size=120028Kb used=3052Kb max_used=3078Kb free=116975Kb
 bounds [0x00007f1390031000, 0x00007f1390351000, 0x00007f1397568000]
CodeHeap 'non-nmethods': size=5700Kb used=1128Kb max_used=1154Kb free=4572Kb
 bounds [0x00007f138faa0000, 0x00007f138fd10000, 0x00007f1390031000]
 total_blobs=2536 nmethods=1605 adapters=352
 compilation: enabled
              stopped_count=0, restarted_count=0
 full_count=0

Compilation events (10 events):
Event: 27.248 Thread 0x00007f13a81eb000 1683       3       java.util.concurrent.atomic.AtomicReferenceFieldUpdater$AtomicReferenceFieldUpdaterImpl::set (23 bytes)
Event: 27.248 Thread 0x00007f13a81eb000 nmethod 1683 0x00007f1390075990 code [0x00007f1390075ba0, 0x00007f13900760d8]
Event: 27.747 Thread 0x00007f13a81eb000 1684       3       swim.concurrent.ClockEvent::cancel (12 bytes)
Event: 27.747 Thread 0x00007f13a81eb000 nmethod 1684 0x00007f1390070a10 code [0x00007f1390070c00, 0x00007f1390071148]
Event: 28.048 Thread 0x00007f13a81eb000 1685   !   3       swim.concurrent.ClockThread::waitForTick (125 bytes)
Event: 28.048 Thread 0x00007f13a81eb000 nmethod 1685 0x00007f1390074990 code [0x00007f1390074be0, 0x00007f1390075648]
Event: 28.148 Thread 0x00007f13a81eb000 1686   !   3       swim.concurrent.ClockThread::executeTick (241 bytes)
Event: 28.149 Thread 0x00007f13a81eb000 nmethod 1686 0x00007f139007ea10 code [0x00007f139007eda0, 0x00007f1390080908]
Event: 28.149 Thread 0x00007f13a81eb000 1687       3       swim.concurrent.Clock::didTick (1 bytes)
Event: 28.149 Thread 0x00007f13a81eb000 nmethod 1687 0x00007f139006e290 code [0x00007f139006e440, 0x00007f139006e5b0]

GC Heap History (2 events):
Event: 0.250 GC heap before
{Heap before GC invocations=0 (full 0):
 garbage-first heap   total 262144K, used 24184K [0x0000000703000000, 0x0000000800000000)
  region size 1024K, 24 young (24576K), 0 survivors (0K)
 Metaspace       used 1103K, capacity 4638K, committed 4864K, reserved 1056768K
  class space    used 92K, capacity 438K, committed 512K, reserved 1048576K
}
Event: 0.256 GC heap after
{Heap after GC invocations=1 (full 0):
 garbage-first heap   total 262144K, used 1501K [0x0000000703000000, 0x0000000800000000)
  region size 1024K, 1 young (1024K), 1 survivors (1024K)
 Metaspace       used 1103K, capacity 4638K, committed 4864K, reserved 1056768K
  class space    used 92K, capacity 438K, committed 512K, reserved 1048576K
}

Deoptimization events (10 events):
Event: 0.605 Thread 0x00007f13a8018000 DEOPT PACKING pc=0x00007f13975f67d4 sp=0x00007f13af01caa0
Event: 0.605 Thread 0x00007f13a8018000 DEOPT UNPACKING pc=0x00007f138fac8aa5 sp=0x00007f13af01ca50 mode 2
Event: 0.605 Thread 0x00007f13a8018000 Uncommon trap: trap_request=0xffffffc6 fr.pc=0x00007f13975f67d4 relative=0x0000000000001414
Event: 0.605 Thread 0x00007f13a8018000 Uncommon trap: reason=bimorphic_or_optimized_type_check action=maybe_recompile pc=0x00007f13975f67d4 method=java.util.HashMap.putVal(ILjava/lang/Object;Ljava/lang/Object;ZZ)Ljava/lang/Object; @ 91 c2
Event: 0.605 Thread 0x00007f13a8018000 DEOPT PACKING pc=0x00007f13975f67d4 sp=0x00007f13af01ca30
Event: 0.605 Thread 0x00007f13a8018000 DEOPT UNPACKING pc=0x00007f138fac8aa5 sp=0x00007f13af01c9e0 mode 2
Event: 0.605 Thread 0x00007f13a8018000 Uncommon trap: trap_request=0xffffffc6 fr.pc=0x00007f13975f67d4 relative=0x0000000000001414
Event: 0.605 Thread 0x00007f13a8018000 Uncommon trap: reason=bimorphic_or_optimized_type_check action=maybe_recompile pc=0x00007f13975f67d4 method=java.util.HashMap.putVal(ILjava/lang/Object;Ljava/lang/Object;ZZ)Ljava/lang/Object; @ 91 c2
Event: 0.605 Thread 0x00007f13a8018000 DEOPT PACKING pc=0x00007f13975f67d4 sp=0x00007f13af01c9f0
Event: 0.605 Thread 0x00007f13a8018000 DEOPT UNPACKING pc=0x00007f138fac8aa5 sp=0x00007f13af01c9a0 mode 2

Classes redefined (0 events):
No events

Internal exceptions (10 events):
Event: 0.451 Thread 0x00007f13a8018000 Exception <a 'java/lang/NullPointerException'{0x0000000711f33218}> (0x0000000711f33218) thrown at [/build/openjdk-lts-7bqZff/openjdk-lts-11.0.4+11/src/hotspot/share/interpreter/linkResolver.cpp, line 1358]
Event: 0.477 Thread 0x00007f13a8018000 Exception <a 'java/lang/NoSuchMethodError'{0x0000000711ff1788}: 'int java.lang.invoke.DirectMethodHandle$Holder.invokeStaticInit(java.lang.Object, java.lang.Object, java.lang.Object, java.lang.Object)'> (0x0000000711ff1788) thrown at [/build/openjdk-lts-7
Event: 0.478 Thread 0x00007f13a8018000 Exception <a 'java/lang/NoSuchMethodError'{0x0000000711ffd170}: 'void java.lang.invoke.DirectMethodHandle$Holder.invokeStaticInit(java.lang.Object, java.lang.Object)'> (0x0000000711ffd170) thrown at [/build/openjdk-lts-7bqZff/openjdk-lts-11.0.4+11/src/hot
Event: 0.479 Thread 0x00007f13a8018000 Exception <a 'java/lang/NoSuchMethodError'{0x0000000711e02b40}: 'int java.lang.invoke.DirectMethodHandle$Holder.invokeStaticInit(java.lang.Object, java.lang.Object)'> (0x0000000711e02b40) thrown at [/build/openjdk-lts-7bqZff/openjdk-lts-11.0.4+11/src/hots
Event: 0.567 Thread 0x00007f13a8018000 Exception <a 'java/lang/ClassNotFoundException'{0x000000071142d948}: jdk/net/ExtendedSocketOptions> (0x000000071142d948) thrown at [/build/openjdk-lts-7bqZff/openjdk-lts-11.0.4+11/src/hotspot/share/classfile/systemDictionary.cpp, line 231]
Event: 2.645 Thread 0x00007f13a872b000 Exception <a 'java/net/ConnectException'{0x0000000710bcb720}> (0x0000000710bcb720) thrown at [/build/openjdk-lts-7bqZff/openjdk-lts-11.0.4+11/src/hotspot/share/prims/jni.cpp, line 615]
Event: 6.052 Thread 0x00007f13a872b000 Exception <a 'java/net/ConnectException'{0x0000000710bd2368}> (0x0000000710bd2368) thrown at [/build/openjdk-lts-7bqZff/openjdk-lts-11.0.4+11/src/hotspot/share/prims/jni.cpp, line 615]
Event: 10.550 Thread 0x00007f13a872b000 Exception <a 'java/net/ConnectException'{0x0000000710bd28d8}> (0x0000000710bd28d8) thrown at [/build/openjdk-lts-7bqZff/openjdk-lts-11.0.4+11/src/hotspot/share/prims/jni.cpp, line 615]
Event: 16.951 Thread 0x00007f13a872b000 Exception <a 'java/net/ConnectException'{0x0000000710bd2e48}> (0x0000000710bd2e48) thrown at [/build/openjdk-lts-7bqZff/openjdk-lts-11.0.4+11/src/hotspot/share/prims/jni.cpp, line 615]
Event: 26.851 Thread 0x00007f13a872b000 Exception <a 'java/net/ConnectException'{0x0000000710bd33b8}> (0x0000000710bd33b8) thrown at [/build/openjdk-lts-7bqZff/openjdk-lts-11.0.4+11/src/hotspot/share/prims/jni.cpp, line 615]

Events (10 events):
Event: 10.550 Executing VM operation: RevokeBias
Event: 10.550 Executing VM operation: RevokeBias done
Event: 14.948 Executing VM operation: RevokeBias
Event: 14.949 Executing VM operation: RevokeBias done
Event: 16.951 Executing VM operation: RevokeBias
Event: 16.951 Executing VM operation: RevokeBias done
Event: 24.848 Executing VM operation: BulkRevokeBias
Event: 24.848 Executing VM operation: BulkRevokeBias done
Event: 41.049 Executing VM operation: RevokeBias
Event: 41.049 Executing VM operation: RevokeBias done


Dynamic libraries:
703000000-712e00000 rw-p 00000000 00:00 0
712e00000-7bfe00000 ---p 00000000 00:00 0
7bfe00000-7bfe34000 rw-p 01116000 00:00 201194                   /usr/lib/jvm/java-11-openjdk-amd64/lib/server/classes.jsa
7bfe34000-7bff00000 rw-p 00000000 00:00 0
7bff00000-7bff6a000 rw-p 010ac000 00:00 201194                   /usr/lib/jvm/java-11-openjdk-amd64/lib/server/classes.jsa
7bff6a000-7c0000000 rw-p 00000000 00:00 0
7c0000000-800000000 ---p 00000000 00:00 0
800000000-800002000 rwxp 00001000 00:00 201194                   /usr/lib/jvm/java-11-openjdk-amd64/lib/server/classes.jsa
800002000-8003bd000 rw-p 00003000 00:00 201194                   /usr/lib/jvm/java-11-openjdk-amd64/lib/server/classes.jsa
8003bd000-800a98000 r--p 003be000 00:00 201194                   /usr/lib/jvm/java-11-openjdk-amd64/lib/server/classes.jsa
800a98000-800a99000 rw-p 00a99000 00:00 201194                   /usr/lib/jvm/java-11-openjdk-amd64/lib/server/classes.jsa
800a99000-8010ab000 r--p 00a9a000 00:00 201194                   /usr/lib/jvm/java-11-openjdk-amd64/lib/server/classes.jsa
840000000-840180000 rw-p 00000000 00:00 0
840180000-880000000 ---p 00000000 00:00 0
7f1304000000-7f1304021000 rw-p 00000000 00:00 0
7f1304021000-7f1308000000 ---p 00000000 00:00 0
7f130c000000-7f130c021000 rw-p 00000000 00:00 0
7f130c021000-7f1310000000 ---p 00000000 00:00 0
7f1310000000-7f1310021000 rw-p 00000000 00:00 0
7f1310021000-7f1314000000 ---p 00000000 00:00 0
7f1314000000-7f1314021000 rw-p 00000000 00:00 0
7f1314021000-7f1318000000 ---p 00000000 00:00 0
7f1318000000-7f1318021000 rw-p 00000000 00:00 0
7f1318021000-7f131c000000 ---p 00000000 00:00 0
7f131c000000-7f131c021000 rw-p 00000000 00:00 0
7f131c021000-7f1320000000 ---p 00000000 00:00 0
7f1320000000-7f1320021000 rw-p 00000000 00:00 0
7f1320021000-7f1324000000 ---p 00000000 00:00 0
7f13275a0000-7f13275a4000 ---p 00000000 00:00 0
7f13275a4000-7f13276a1000 rw-p 00000000 00:00 0
7f13276b0000-7f13276b4000 ---p 00000000 00:00 0
7f13276b4000-7f13277b1000 rw-p 00000000 00:00 0
7f13277c0000-7f1327840000 rw-p 00000000 00:00 0
7f1327840000-7f13279c4000 ---p 00000000 00:00 0
7f13279c4000-7f1327ac1000 rw-p 00000000 00:00 0
7f1327ad0000-7f1327ad4000 ---p 00000000 00:00 0
7f1327ad4000-7f1327bd1000 rw-p 00000000 00:00 0
7f1327be0000-7f1327be4000 ---p 00000000 00:00 0
7f1327be4000-7f1327ce1000 rw-p 00000000 00:00 0
7f1327cf0000-7f1327cf4000 ---p 00000000 00:00 0
7f1327cf4000-7f1327df1000 rw-p 00000000 00:00 0
7f1327e00000-7f1328021000 rw-p 00000000 00:00 0
7f1328021000-7f132c000000 ---p 00000000 00:00 0
7f132c000000-7f132c021000 rw-p 00000000 00:00 0
7f132c021000-7f1330000000 ---p 00000000 00:00 0
7f1330000000-7f1330021000 rw-p 00000000 00:00 0
7f1330021000-7f1334000000 ---p 00000000 00:00 0
7f1334000000-7f1334021000 rw-p 00000000 00:00 0
7f1334021000-7f1338000000 ---p 00000000 00:00 0
7f1338000000-7f1338021000 rw-p 00000000 00:00 0
7f1338021000-7f133c000000 ---p 00000000 00:00 0
7f133c000000-7f133c021000 rw-p 00000000 00:00 0
7f133c021000-7f1340000000 ---p 00000000 00:00 0
7f1340000000-7f13409ed000 rw-p 00000000 00:00 0
7f13409ed000-7f1344000000 ---p 00000000 00:00 0
7f1344000000-7f1344021000 rw-p 00000000 00:00 0
7f1344021000-7f1348000000 ---p 00000000 00:00 0
7f1348000000-7f1348021000 rw-p 00000000 00:00 0
7f1348021000-7f134c000000 ---p 00000000 00:00 0
7f134c000000-7f134c64f000 rw-p 00000000 00:00 0
7f134c64f000-7f1350000000 ---p 00000000 00:00 0
7f1350000000-7f13503b2000 rw-p 00000000 00:00 0
7f13503b2000-7f1354000000 ---p 00000000 00:00 0
7f1354000000-7f1354021000 rw-p 00000000 00:00 0
7f1354021000-7f1358000000 ---p 00000000 00:00 0
7f1358000000-7f1358021000 rw-p 00000000 00:00 0
7f1358021000-7f135c000000 ---p 00000000 00:00 0
7f135c000000-7f135c8e1000 rw-p 00000000 00:00 0
7f135c8e1000-7f1360000000 ---p 00000000 00:00 0
7f1360000000-7f1360021000 rw-p 00000000 00:00 0
7f1360021000-7f1364000000 ---p 00000000 00:00 0
7f1364000000-7f1364021000 rw-p 00000000 00:00 0
7f1364021000-7f1368000000 ---p 00000000 00:00 0
7f1368000000-7f1368021000 rw-p 00000000 00:00 0
7f1368021000-7f136c000000 ---p 00000000 00:00 0
7f136c000000-7f136c021000 rw-p 00000000 00:00 0
7f136c021000-7f1370000000 ---p 00000000 00:00 0
7f1370000000-7f1370021000 rw-p 00000000 00:00 0
7f1370021000-7f1374000000 ---p 00000000 00:00 0
7f1374000000-7f1374021000 rw-p 00000000 00:00 0
7f1374021000-7f1378000000 ---p 00000000 00:00 0
7f1378030000-7f1378034000 ---p 00000000 00:00 0
7f1378034000-7f1378131000 rw-p 00000000 00:00 0
7f1378140000-7f137816a000 r-xp 00000000 00:00 200784             /usr/lib/jvm/java-11-openjdk-amd64/lib/libsunec.so
7f137816a000-7f137816f000 ---p 0002a000 00:00 200784             /usr/lib/jvm/java-11-openjdk-amd64/lib/libsunec.so
7f137816f000-7f1378369000 ---p 0000002f 00:00 200784             /usr/lib/jvm/java-11-openjdk-amd64/lib/libsunec.so
7f1378369000-7f137836d000 r--p 00029000 00:00 200784             /usr/lib/jvm/java-11-openjdk-amd64/lib/libsunec.so
7f137836d000-7f137836f000 rw-p 0002d000 00:00 200784             /usr/lib/jvm/java-11-openjdk-amd64/lib/libsunec.so
7f1378370000-7f1378371000 ---p 00000000 00:00 0
7f1378371000-7f1378472000 rw-p 00000000 00:00 0
7f1378480000-7f1378481000 ---p 00000000 00:00 0
7f1378481000-7f1378582000 rw-p 00000000 00:00 0
7f1378590000-7f1378591000 ---p 00000000 00:00 0
7f1378591000-7f1378692000 rw-p 00000000 00:00 0
7f13786a0000-7f13786a1000 ---p 00000000 00:00 0
7f13786a1000-7f13787a2000 rw-p 00000000 00:00 0
7f13787b0000-7f13787b1000 ---p 00000000 00:00 0
7f13787b1000-7f13788b2000 rw-p 00000000 00:00 0
7f1378940000-7f1378941000 ---p 00000000 00:00 0
7f1378941000-7f1378a42000 rw-p 00000000 00:00 0
7f1378a50000-7f1378a54000 ---p 00000000 00:00 0
7f1378a54000-7f1378b51000 rw-p 00000000 00:00 0
7f1378b60000-7f1378b64000 ---p 00000000 00:00 0
7f1378b64000-7f1378c61000 rw-p 00000000 00:00 0
7f1378ca0000-7f1378ca4000 ---p 00000000 00:00 0
7f1378ca4000-7f1378da1000 rw-p 00000000 00:00 0
7f1378db0000-7f1378db4000 ---p 00000000 00:00 0
7f1378db4000-7f1378eb1000 rw-p 00000000 00:00 0
7f1378ec0000-7f1378ef1000 rw-p 00000000 00:00 0
7f1378f00000-7f1378f16000 r-xp 00000000 00:00 200778             /usr/lib/jvm/java-11-openjdk-amd64/lib/libnet.so
7f1378f16000-7f1378f17000 ---p 00016000 00:00 200778             /usr/lib/jvm/java-11-openjdk-amd64/lib/libnet.so
7f1378f17000-7f1379115000 ---p 00000017 00:00 200778             /usr/lib/jvm/java-11-openjdk-amd64/lib/libnet.so
7f1379115000-7f1379116000 r--p 00015000 00:00 200778             /usr/lib/jvm/java-11-openjdk-amd64/lib/libnet.so
7f1379116000-7f1379117000 rw-p 00016000 00:00 200778             /usr/lib/jvm/java-11-openjdk-amd64/lib/libnet.so
7f1379120000-7f1379130000 r-xp 00000000 00:00 200779             /usr/lib/jvm/java-11-openjdk-amd64/lib/libnio.so
7f1379130000-7f1379131000 ---p 00010000 00:00 200779             /usr/lib/jvm/java-11-openjdk-amd64/lib/libnio.so
7f1379131000-7f137932f000 ---p 00000011 00:00 200779             /usr/lib/jvm/java-11-openjdk-amd64/lib/libnio.so
7f137932f000-7f1379330000 r--p 0000f000 00:00 200779             /usr/lib/jvm/java-11-openjdk-amd64/lib/libnio.so
7f1379330000-7f1379331000 rw-p 00010000 00:00 200779             /usr/lib/jvm/java-11-openjdk-amd64/lib/libnio.so
7f1379340000-7f1379344000 ---p 00000000 00:00 0
7f1379344000-7f1379441000 rw-p 00000000 00:00 0
7f1379450000-7f1379454000 ---p 00000000 00:00 0
7f1379454000-7f1379551000 rw-p 00000000 00:00 0
7f1379560000-7f1379564000 ---p 00000000 00:00 0
7f1379564000-7f1379661000 rw-p 00000000 00:00 0
7f1379665000-7f1379800000 r--p 00000000 00:00 151479             /usr/lib/locale/locale-archive
7f1379800000-7f137c021000 rw-p 00000000 00:00 0
7f137c021000-7f1380000000 ---p 00000000 00:00 0
7f138000d000-7f1380180000 r--p 00000000 00:00 151467             /usr/lib/locale/C.UTF-8/LC_COLLATE
7f1380180000-7f1380578000 rw-p 00000000 00:00 0
7f1380578000-7f13830b8000 ---p 00000000 00:00 0
7f13830b8000-7f13830c0000 rw-p 00000000 00:00 0
7f13830c0000-7f13840c0000 ---p 00000000 00:00 0
7f13840c0000-7f13844b8000 rw-p 00000000 00:00 0
7f13844b8000-7f1386ff8000 ---p 00000000 00:00 0
7f1386ff8000-7f1387000000 rw-p 00000000 00:00 0
7f1387000000-7f1388000000 ---p 00000000 00:00 0
7f1388000000-7f1388021000 rw-p 00000000 00:00 0
7f1388021000-7f138c000000 ---p 00000000 00:00 0
7f138c020000-7f138c024000 ---p 00000000 00:00 0
7f138c024000-7f138c121000 rw-p 00000000 00:00 0
7f138c130000-7f138c134000 ---p 00000000 00:00 0
7f138c134000-7f138c231000 rw-p 00000000 00:00 0
7f138c240000-7f138c244000 ---p 00000000 00:00 0
7f138c244000-7f138c341000 rw-p 00000000 00:00 0
7f138c350000-7f138c351000 ---p 00000000 00:00 0
7f138c351000-7f138c452000 rw-p 00000000 00:00 0
7f138c460000-7f138c4e1000 rw-p 00000000 00:00 0
7f138c4f0000-7f138c54b000 rw-p 00000000 00:00 0
7f138c550000-7f138c551000 ---p 00000000 00:00 0
7f138c551000-7f138c652000 rw-p 00000000 00:00 0
7f138c660000-7f138c661000 ---p 00000000 00:00 0
7f138c661000-7f138c762000 rw-p 00000000 00:00 0
7f138c770000-7f138c871000 rw-p 00000000 00:00 0
7f138c880000-7f138c981000 rw-p 00000000 00:00 0
7f138c990000-7f138ca91000 rw-p 00000000 00:00 0
7f138caa0000-7f138cba1000 rw-p 00000000 00:00 0
7f138cbb0000-7f138ccb1000 rw-p 00000000 00:00 0
7f138ccc0000-7f138cdc1000 rw-p 00000000 00:00 0
7f138cdd0000-7f138ced1000 rw-p 00000000 00:00 0
7f138cee0000-7f138cfe1000 rw-p 00000000 00:00 0
7f138cff0000-7f138d0f1000 rw-p 00000000 00:00 0
7f138d100000-7f138d201000 rw-p 00000000 00:00 0
7f138d210000-7f138d211000 ---p 00000000 00:00 0
7f138d211000-7f138d312000 rw-p 00000000 00:00 0
7f138d320000-7f138d321000 ---p 00000000 00:00 0
7f138d321000-7f138d422000 rw-p 00000000 00:00 0
7f138d430000-7f138d535000 rw-p 00000000 00:00 0
7f138d540000-7f138d5bf000 rw-p 00000000 00:00 0
7f138d5bf000-7f138db27000 ---p 00000000 00:00 0
7f138db27000-7f138db28000 rw-p 00000000 00:00 0
7f138db28000-7f138dd28000 ---p 00000000 00:00 0
7f138dd30000-7f138ddaf000 rw-p 00000000 00:00 0
7f138ddaf000-7f138e317000 ---p 00000000 00:00 0
7f138e317000-7f138e318000 rw-p 00000000 00:00 0
7f138e318000-7f138e518000 ---p 00000000 00:00 0
7f138e520000-7f138e59f000 rw-p 00000000 00:00 0
7f138e59f000-7f138eb07000 ---p 00000000 00:00 0
7f138eb07000-7f138eb08000 rw-p 00000000 00:00 0
7f138eb08000-7f138ed08000 ---p 00000000 00:00 0
7f138ed10000-7f138ee11000 rw-p 00000000 00:00 0
7f138ee20000-7f138ef21000 rw-p 00000000 00:00 0
7f138ef30000-7f138f031000 rw-p 00000000 00:00 0
7f138f040000-7f138f141000 rw-p 00000000 00:00 0
7f138f150000-7f138f251000 rw-p 00000000 00:00 0
7f138f260000-7f138f361000 rw-p 00000000 00:00 0
7f138f370000-7f138f471000 rw-p 00000000 00:00 0
7f138f480000-7f138f581000 rw-p 00000000 00:00 0
7f138f590000-7f138f691000 rw-p 00000000 00:00 0
7f138f6a0000-7f138f7a1000 rw-p 00000000 00:00 0
7f138f7b0000-7f138f7b1000 ---p 00000000 00:00 0
7f138f7b1000-7f138f8b2000 rw-p 00000000 00:00 0
7f138f8c0000-7f138f8c5000 rw-p 00000000 00:00 0
7f138f8c5000-7f138f9ab000 ---p 00000000 00:00 0
7f138f9b0000-7f138f9b7000 rw-p 00000000 00:00 0
7f138f9b7000-7f138fa9b000 ---p 00000000 00:00 0
7f138faa0000-7f138fd10000 rwxp 00000000 00:00 0
7f138fd10000-7f1390031000 ---p 00000000 00:00 0
7f1390031000-7f1390351000 rwxp 00000000 00:00 0
7f1390351000-7f1397568000 ---p 00000000 00:00 0
7f1397568000-7f13977d8000 rwxp 00000000 00:00 0
7f13977d8000-7f139eaa0000 ---p 00000000 00:00 0
7f139eaa6000-7f13a7150000 r--s 00000000 00:00 200788             /usr/lib/jvm/java-11-openjdk-amd64/lib/modules
7f13a7150000-7f13a7155000 r-xp 00000000 00:00 200770             /usr/lib/jvm/java-11-openjdk-amd64/lib/libjimage.so
7f13a7155000-7f13a7156000 ---p 00005000 00:00 200770             /usr/lib/jvm/java-11-openjdk-amd64/lib/libjimage.so
7f13a7156000-7f13a7354000 ---p 00000006 00:00 200770             /usr/lib/jvm/java-11-openjdk-amd64/lib/libjimage.so
7f13a7354000-7f13a7355000 r--p 00004000 00:00 200770             /usr/lib/jvm/java-11-openjdk-amd64/lib/libjimage.so
7f13a7355000-7f13a7356000 rw-p 00005000 00:00 200770             /usr/lib/jvm/java-11-openjdk-amd64/lib/libjimage.so
7f13a7360000-7f13a7367000 r-xp 00000000 00:00 200787             /usr/lib/jvm/java-11-openjdk-amd64/lib/libzip.so
7f13a7367000-7f13a7368000 ---p 00007000 00:00 200787             /usr/lib/jvm/java-11-openjdk-amd64/lib/libzip.so
7f13a7368000-7f13a7566000 ---p 00000008 00:00 200787             /usr/lib/jvm/java-11-openjdk-amd64/lib/libzip.so
7f13a7566000-7f13a7567000 r--p 00006000 00:00 200787             /usr/lib/jvm/java-11-openjdk-amd64/lib/libzip.so
7f13a7567000-7f13a7568000 rw-p 00007000 00:00 200787             /usr/lib/jvm/java-11-openjdk-amd64/lib/libzip.so
7f13a7570000-7f13a757b000 r-xp 00000000 00:00 150015             /lib/x86_64-linux-gnu/libnss_files-2.27.so
7f13a757b000-7f13a757c000 ---p 0000b000 00:00 150015             /lib/x86_64-linux-gnu/libnss_files-2.27.so
7f13a757c000-7f13a777a000 ---p 0000000c 00:00 150015             /lib/x86_64-linux-gnu/libnss_files-2.27.so
7f13a777a000-7f13a777b000 r--p 0000a000 00:00 150015             /lib/x86_64-linux-gnu/libnss_files-2.27.so
7f13a777b000-7f13a777c000 rw-p 0000b000 00:00 150015             /lib/x86_64-linux-gnu/libnss_files-2.27.so
7f13a777c000-7f13a7782000 rw-p 00000000 00:00 0
7f13a7790000-7f13a77a7000 r-xp 00000000 00:00 150009             /lib/x86_64-linux-gnu/libnsl-2.27.so
7f13a77a7000-7f13a77a8000 ---p 00017000 00:00 150009             /lib/x86_64-linux-gnu/libnsl-2.27.so
7f13a77a8000-7f13a79a6000 ---p 00000018 00:00 150009             /lib/x86_64-linux-gnu/libnsl-2.27.so
7f13a79a6000-7f13a79a7000 r--p 00016000 00:00 150009             /lib/x86_64-linux-gnu/libnsl-2.27.so
7f13a79a7000-7f13a79a8000 rw-p 00017000 00:00 150009             /lib/x86_64-linux-gnu/libnsl-2.27.so
7f13a79a8000-7f13a79aa000 rw-p 00000000 00:00 0
7f13a79b0000-7f13a79bb000 r-xp 00000000 00:00 150019             /lib/x86_64-linux-gnu/libnss_nis-2.27.so
7f13a79bb000-7f13a79bc000 ---p 0000b000 00:00 150019             /lib/x86_64-linux-gnu/libnss_nis-2.27.so
7f13a79bc000-7f13a7bba000 ---p 0000000c 00:00 150019             /lib/x86_64-linux-gnu/libnss_nis-2.27.so
7f13a7bba000-7f13a7bbb000 r--p 0000a000 00:00 150019             /lib/x86_64-linux-gnu/libnss_nis-2.27.so
7f13a7bbb000-7f13a7bbc000 rw-p 0000b000 00:00 150019             /lib/x86_64-linux-gnu/libnss_nis-2.27.so
7f13a7bc0000-7f13a7bc8000 r-xp 00000000 00:00 150011             /lib/x86_64-linux-gnu/libnss_compat-2.27.so
7f13a7bc8000-7f13a7bca000 ---p 00008000 00:00 150011             /lib/x86_64-linux-gnu/libnss_compat-2.27.so
7f13a7bca000-7f13a7dc8000 ---p 0000000a 00:00 150011             /lib/x86_64-linux-gnu/libnss_compat-2.27.so
7f13a7dc8000-7f13a7dc9000 r--p 00008000 00:00 150011             /lib/x86_64-linux-gnu/libnss_compat-2.27.so
7f13a7dc9000-7f13a7dca000 rw-p 00009000 00:00 150011             /lib/x86_64-linux-gnu/libnss_compat-2.27.so
7f13a7dd0000-7f13a7df9000 r-xp 00000000 00:00 200766             /usr/lib/jvm/java-11-openjdk-amd64/lib/libjava.so
7f13a7df9000-7f13a7dfb000 ---p 00029000 00:00 200766             /usr/lib/jvm/java-11-openjdk-amd64/lib/libjava.so
7f13a7dfb000-7f13a7ff8000 ---p 0000002b 00:00 200766             /usr/lib/jvm/java-11-openjdk-amd64/lib/libjava.so
7f13a7ff8000-7f13a7ff9000 r--p 00028000 00:00 200766             /usr/lib/jvm/java-11-openjdk-amd64/lib/libjava.so
7f13a7ff9000-7f13a7ffb000 rw-p 00029000 00:00 200766             /usr/lib/jvm/java-11-openjdk-amd64/lib/libjava.so
7f13a8000000-7f13a87a9000 rw-p 00000000 00:00 0
7f13a87a9000-7f13ac000000 ---p 00000000 00:00 0
7f13ac000000-7f13ac00d000 r-xp 00000000 00:00 200786             /usr/lib/jvm/java-11-openjdk-amd64/lib/libverify.so
7f13ac00d000-7f13ac00f000 ---p 0000d000 00:00 200786             /usr/lib/jvm/java-11-openjdk-amd64/lib/libverify.so
7f13ac00f000-7f13ac20c000 ---p 0000000f 00:00 200786             /usr/lib/jvm/java-11-openjdk-amd64/lib/libverify.so
7f13ac20c000-7f13ac20e000 r--p 0000c000 00:00 200786             /usr/lib/jvm/java-11-openjdk-amd64/lib/libverify.so
7f13ac20e000-7f13ac20f000 rw-p 0000e000 00:00 200786             /usr/lib/jvm/java-11-openjdk-amd64/lib/libverify.so
7f13ac210000-7f13ac217000 r-xp 00000000 00:00 150057             /lib/x86_64-linux-gnu/librt-2.27.so
7f13ac217000-7f13ac218000 ---p 00007000 00:00 150057             /lib/x86_64-linux-gnu/librt-2.27.so
7f13ac218000-7f13ac416000 ---p 00000008 00:00 150057             /lib/x86_64-linux-gnu/librt-2.27.so
7f13ac416000-7f13ac417000 r--p 00006000 00:00 150057             /lib/x86_64-linux-gnu/librt-2.27.so
7f13ac417000-7f13ac418000 rw-p 00007000 00:00 150057             /lib/x86_64-linux-gnu/librt-2.27.so
7f13ac420000-7f13ac437000 r-xp 00000000 00:00 181834             /lib/x86_64-linux-gnu/libgcc_s.so.1
7f13ac437000-7f13ac438000 ---p 00017000 00:00 181834             /lib/x86_64-linux-gnu/libgcc_s.so.1
7f13ac438000-7f13ac636000 ---p 00000018 00:00 181834             /lib/x86_64-linux-gnu/libgcc_s.so.1
7f13ac636000-7f13ac637000 r--p 00016000 00:00 181834             /lib/x86_64-linux-gnu/libgcc_s.so.1
7f13ac637000-7f13ac638000 rw-p 00017000 00:00 181834             /lib/x86_64-linux-gnu/libgcc_s.so.1
7f13ac640000-7f13ac7dd000 r-xp 00000000 00:00 149992             /lib/x86_64-linux-gnu/libm-2.27.so
7f13ac7dd000-7f13ac7e0000 ---p 0019d000 00:00 149992             /lib/x86_64-linux-gnu/libm-2.27.so
7f13ac7e0000-7f13ac9dc000 ---p 000001a0 00:00 149992             /lib/x86_64-linux-gnu/libm-2.27.so
7f13ac9dc000-7f13ac9dd000 r--p 0019c000 00:00 149992             /lib/x86_64-linux-gnu/libm-2.27.so
7f13ac9dd000-7f13ac9de000 rw-p 0019d000 00:00 149992             /lib/x86_64-linux-gnu/libm-2.27.so
7f13ac9e0000-7f13acb59000 r-xp 00000000 00:00 345051             /usr/lib/x86_64-linux-gnu/libstdc++.so.6.0.25
7f13acb59000-7f13acb66000 ---p 00179000 00:00 345051             /usr/lib/x86_64-linux-gnu/libstdc++.so.6.0.25
7f13acb66000-7f13acd59000 ---p 00000186 00:00 345051             /usr/lib/x86_64-linux-gnu/libstdc++.so.6.0.25
7f13acd59000-7f13acd63000 r--p 00179000 00:00 345051             /usr/lib/x86_64-linux-gnu/libstdc++.so.6.0.25
7f13acd63000-7f13acd65000 rw-p 00183000 00:00 345051             /usr/lib/x86_64-linux-gnu/libstdc++.so.6.0.25
7f13acd65000-7f13acd69000 rw-p 00000000 00:00 0
7f13acd70000-7f13ade3c000 r-xp 00000000 00:00 200793             /usr/lib/jvm/java-11-openjdk-amd64/lib/server/libjvm.so
7f13ade3c000-7f13adf32000 ---p 010cc000 00:00 200793             /usr/lib/jvm/java-11-openjdk-amd64/lib/server/libjvm.so
7f13adf32000-7f13ae03b000 ---p 000011c2 00:00 200793             /usr/lib/jvm/java-11-openjdk-amd64/lib/server/libjvm.so
7f13ae03b000-7f13ae0f8000 r--p 010cb000 00:00 200793             /usr/lib/jvm/java-11-openjdk-amd64/lib/server/libjvm.so
7f13ae0f8000-7f13ae131000 rw-p 01188000 00:00 200793             /usr/lib/jvm/java-11-openjdk-amd64/lib/server/libjvm.so
7f13ae131000-7f13ae187000 rw-p 00000000 00:00 0
7f13ae190000-7f13ae1aa000 r-xp 00000000 00:00 150049             /lib/x86_64-linux-gnu/libpthread-2.27.so
7f13ae1aa000-7f13ae1b4000 ---p 0001a000 00:00 150049             /lib/x86_64-linux-gnu/libpthread-2.27.so
7f13ae1b4000-7f13ae3a9000 ---p 00000024 00:00 150049             /lib/x86_64-linux-gnu/libpthread-2.27.so
7f13ae3a9000-7f13ae3aa000 r--p 00019000 00:00 150049             /lib/x86_64-linux-gnu/libpthread-2.27.so
7f13ae3aa000-7f13ae3ab000 rw-p 0001a000 00:00 150049             /lib/x86_64-linux-gnu/libpthread-2.27.so
7f13ae3ab000-7f13ae3af000 rw-p 00000000 00:00 0
7f13ae3b0000-7f13ae3b3000 r-xp 00000000 00:00 149952             /lib/x86_64-linux-gnu/libdl-2.27.so
7f13ae3b3000-7f13ae3b4000 ---p 00003000 00:00 149952             /lib/x86_64-linux-gnu/libdl-2.27.so
7f13ae3b4000-7f13ae5b2000 ---p 00000004 00:00 149952             /lib/x86_64-linux-gnu/libdl-2.27.so
7f13ae5b2000-7f13ae5b3000 r--p 00002000 00:00 149952             /lib/x86_64-linux-gnu/libdl-2.27.so
7f13ae5b3000-7f13ae5b4000 rw-p 00003000 00:00 149952             /lib/x86_64-linux-gnu/libdl-2.27.so
7f13ae5c0000-7f13ae5dc000 r-xp 00000000 00:00 150088             /lib/x86_64-linux-gnu/libz.so.1.2.11
7f13ae5dc000-7f13ae5dd000 ---p 0001c000 00:00 150088             /lib/x86_64-linux-gnu/libz.so.1.2.11
7f13ae5dd000-7f13ae7db000 ---p 0000001d 00:00 150088             /lib/x86_64-linux-gnu/libz.so.1.2.11
7f13ae7db000-7f13ae7dc000 r--p 0001b000 00:00 150088             /lib/x86_64-linux-gnu/libz.so.1.2.11
7f13ae7dc000-7f13ae7dd000 rw-p 0001c000 00:00 150088             /lib/x86_64-linux-gnu/libz.so.1.2.11
7f13ae7e0000-7f13ae9c7000 r-xp 00000000 00:00 149929             /lib/x86_64-linux-gnu/libc-2.27.so
7f13ae9c7000-7f13ae9d0000 ---p 001e7000 00:00 149929             /lib/x86_64-linux-gnu/libc-2.27.so
7f13ae9d0000-7f13aebc7000 ---p 000001f0 00:00 149929             /lib/x86_64-linux-gnu/libc-2.27.so
7f13aebc7000-7f13aebcb000 r--p 001e7000 00:00 149929             /lib/x86_64-linux-gnu/libc-2.27.so
7f13aebcb000-7f13aebcd000 rw-p 001eb000 00:00 149929             /lib/x86_64-linux-gnu/libc-2.27.so
7f13aebcd000-7f13aebd1000 rw-p 00000000 00:00 0
7f13aebe0000-7f13aebf0000 r-xp 00000000 00:00 200750             /usr/lib/jvm/java-11-openjdk-amd64/lib/jli/libjli.so
7f13aebf0000-7f13aebf1000 ---p 00010000 00:00 200750             /usr/lib/jvm/java-11-openjdk-amd64/lib/jli/libjli.so
7f13aebf1000-7f13aedef000 ---p 00000011 00:00 200750             /usr/lib/jvm/java-11-openjdk-amd64/lib/jli/libjli.so
7f13aedef000-7f13aedf0000 r--p 0000f000 00:00 200750             /usr/lib/jvm/java-11-openjdk-amd64/lib/jli/libjli.so
7f13aedf0000-7f13aedf1000 rw-p 00010000 00:00 200750             /usr/lib/jvm/java-11-openjdk-amd64/lib/jli/libjli.so
7f13aee00000-7f13aee26000 r-xp 00000000 00:00 149905             /lib/x86_64-linux-gnu/ld-2.27.so
7f13aee26000-7f13aee27000 r-xp 00026000 00:00 149905             /lib/x86_64-linux-gnu/ld-2.27.so
7f13aee4f000-7f13aee80000 r--p 00000000 00:00 151468             /usr/lib/locale/C.UTF-8/LC_CTYPE
7f13aee80000-7f13aeea8000 rw-p 00000000 00:00 0
7f13aeeb0000-7f13aeed1000 rw-p 00000000 00:00 0
7f13aeee0000-7f13aef01000 rw-p 00000000 00:00 0
7f13aef10000-7f13aef15000 rw-p 00000000 00:00 0
7f13aef15000-7f13aef1c000 ---p 00000000 00:00 0
7f13aef20000-7f13aef24000 ---p 00000000 00:00 0
7f13aef24000-7f13af021000 rw-p 00000000 00:00 0
7f13af027000-7f13af028000 r--p 00027000 00:00 149905             /lib/x86_64-linux-gnu/ld-2.27.so
7f13af028000-7f13af029000 rw-p 00028000 00:00 149905             /lib/x86_64-linux-gnu/ld-2.27.so
7f13af029000-7f13af02a000 rw-p 00000000 00:00 0
7f13af030000-7f13af031000 ---p 00000000 00:00 0
7f13af031000-7f13af032000 r--p 00000000 00:00 0
7f13af040000-7f13af042000 rw-p 00000000 00:00 0
7f13af043000-7f13af044000 r--p 00000000 00:00 151475             /usr/lib/locale/C.UTF-8/LC_NUMERIC
7f13af044000-7f13af045000 r--p 00000000 00:00 151478             /usr/lib/locale/C.UTF-8/LC_TIME
7f13af045000-7f13af046000 r--p 00000000 00:00 151473             /usr/lib/locale/C.UTF-8/LC_MONETARY
7f13af046000-7f13af047000 r--p 00000000 00:00 151472             /usr/lib/locale/C.UTF-8/LC_MESSAGES/SYS_LC_MESSAGES
7f13af047000-7f13af048000 r--p 00000000 00:00 151476             /usr/lib/locale/C.UTF-8/LC_PAPER
7f13af048000-7f13af049000 r--p 00000000 00:00 151474             /usr/lib/locale/C.UTF-8/LC_NAME
7f13af049000-7f13af050000 r--s 00000000 00:00 157056             /usr/lib/x86_64-linux-gnu/gconv/gconv-modules.cache
7f13af050000-7f13af052000 rw-p 00000000 00:00 0
7f13af052000-7f13af053000 r--p 00000000 00:00 151466             /usr/lib/locale/C.UTF-8/LC_ADDRESS
7f13af053000-7f13af054000 r--p 00000000 00:00 151477             /usr/lib/locale/C.UTF-8/LC_TELEPHONE
7f13af054000-7f13af055000 r--p 00000000 00:00 151470             /usr/lib/locale/C.UTF-8/LC_MEASUREMENT
7f13af055000-7f13af056000 r--p 00000000 00:00 151469             /usr/lib/locale/C.UTF-8/LC_IDENTIFICATION
7f13af056000-7f13af058000 r--s 00007000 00:00 201774             /usr/share/java/java-atk-wrapper.jar
7f13af058000-7f13af060000 rw-s 00000000 00:00 573775             /tmp/hsperfdata_sclarke/5286
7f13af200000-7f13af201000 r-xp 00000000 00:00 200625             /usr/lib/jvm/java-11-openjdk-amd64/bin/java
7f13af401000-7f13af402000 r--p 00001000 00:00 200625             /usr/lib/jvm/java-11-openjdk-amd64/bin/java
7f13af402000-7f13af403000 rw-p 00002000 00:00 200625             /usr/lib/jvm/java-11-openjdk-amd64/bin/java
7fffca854000-7fffca897000 rw-p 00000000 00:00 0                  [heap]
7fffd117c000-7fffd197c000 rw-p 00000000 00:00 0                  [stack]
7fffd1d5e000-7fffd1d5f000 r-xp 00000000 00:00 0                  [vdso]


VM Arguments:
jvm_args: --module-path=/home/sclarke/.gradle/caches/modules-2/files-2.1/org.swimos/swim-server/3.11.0-SNAPSHOT/c5a33acc8e8892bd6c6c04f245bb08686ed1d062/swim-server-3.11.0-SNAPSHOT.jar:/home/sclarke/.gradle/caches/modules-2/files-2.1/org.swimos/swim-client/3.11.0-SNAPSHOT/4ad56e2224b8c079b29394b387a98974ae3aeb82/swim-client-3.11.0-SNAPSHOT.jar:/home/sclarke/.gradle/caches/modules-2/files-2.1/com.microsoft.azure/azure-eventhubs/2.3.0/29c58ce19748cc42fb416a3392314a95594f2beb/azure-eventhubs-2.3.0.jar:/home/sclarke/.gradle/caches/modules-2/files-2.1/org.apache.httpcomponents/httpasyncclient/4.1.4/f3a3240681faae3fa46b573a4c7e50cec9db0d86/httpasyncclient-4.1.4.jar:/home/sclarke/.gradle/caches/modules-2/files-2.1/org.apache.httpcomponents/httpclient/4.5.8/c27c9d6f15435dc2b6947112027b418b0eef32b9/httpclient-4.5.8.jar:/home/sclarke/.gradle/caches/modules-2/files-2.1/org.apache.httpcomponents/httpcore-nio/4.4.11/7d0a97d01d39cff9aa3e6db81f21fddb2435f4e6/httpcore-nio-4.4.11.jar:/home/sclarke/.gradle/caches/modules-2/files-2.1/org.apache.httpcomponents/httpcore/4.4.11/de748cf874e4e193b42eceea9fe5574fabb9d4df/httpcore-4.4.11.jar:/home/sclarke/.gradle/caches/modules-2/files-2.1/com.microsoft.azure.sdk.iot/iot-device-client/1.17.1/a809853c3727a9da10892252a4ca49c561f23205/iot-device-client-1.17.1.jar:/home/sclarke/.gradle/caches/modules-2/files-2.1/com.github.jnr/jnr-unixsocket/0.22/aa7f3fe5a5c442f2dde3d1a10ed7663862750df6/jnr-unixsocket-0.22.jar:/home/sclarke/.gradle/caches/modules-2/files-2.1/org.apache.commons/commons-math3/3.6.1/e4ba98f1d4b3c80ec46392f25e094a6a2e58fcbf/commons-math3-3.6.1.jar:/home/sclarke/.gradle/caches/modules-2/files-2.1/org.swimos/swim-store-mem/3.11.0-SNAPSHOT/ffafff7338c83d61e2a50afc4a529676be2d80a5/swim-store-mem-3.11.0-SNAPSHOT.jar:/home/sclarke/.gradle/caches/modules-2/files-2.1/org.swimos/swim-store-db/3.11.0-SNAPSHOT/88596960290eadce3e394f1681f3327565976d07/swim-store-db-3.11.0-SNAPSHOT.jar:/home/sclarke/.gradle/caches/modules-2/files-2.1/org.swimos/swim-serv-Djdk.module.main=swim.simulator 
java_command: swim.simulator/swim.simulator.SimulatorPlane -Dfile.encoding=UTF-8 -Duser.country -Duser.language=en -Duser.variant swim.simulator.SimulatorPlane
java_class_path (initial): <not set>
Launcher Type: SUN_STANDARD

[Global flags]
     intx CICompilerCount                          = 4                                         {product} {ergonomic}
     uint ConcGCThreads                            = 3                                         {product} {ergonomic}
     uint G1ConcRefinementThreads                  = 10                                        {product} {ergonomic}
   size_t G1HeapRegionSize                         = 1048576                                   {product} {ergonomic}
    uintx GCDrainStackTargetSize                   = 64                                        {product} {ergonomic}
   size_t InitialHeapSize                          = 266338304                                 {product} {ergonomic}
   size_t MarkStackSize                            = 4194304                                   {product} {ergonomic}
   size_t MaxHeapSize                              = 4244635648                                {product} {ergonomic}
   size_t MaxNewSize                               = 2545942528                                {product} {ergonomic}
   size_t MinHeapDeltaBytes                        = 1048576                                   {product} {ergonomic}
    uintx NonNMethodCodeHeapSize                   = 5835340                                {pd product} {ergonomic}
    uintx NonProfiledCodeHeapSize                  = 122911450                              {pd product} {ergonomic}
    uintx ProfiledCodeHeapSize                     = 122911450                              {pd product} {ergonomic}
    uintx ReservedCodeCacheSize                    = 251658240                              {pd product} {ergonomic}
     bool SegmentedCodeCache                       = true                                      {product} {ergonomic}
     bool UseCompressedClassPointers               = true                                 {lp64_product} {ergonomic}
     bool UseCompressedOops                        = true                                 {lp64_product} {ergonomic}
     bool UseG1GC                                  = true                                      {product} {ergonomic}

Logging:
Log output configuration:
 #0: stdout all=warning uptime,level,tags
 #1: stderr all=off uptime,level,tags

Environment Variables:
PATH=/usr/local/sbin:/usr/local/bin:/usr/sbin:/usr/bin:/sbin:/bin:/usr/games:/usr/local/games:/mnt/c/Program Files/WindowsApps/CanonicalGroupLimited.Ubuntu18.04onWindows_1804.2019.522.0_x64__79rhkp1fndgsc:/mnt/c/Python27/:/mnt/c/Python27/Scripts:/mnt/c/ProgramData/DockerDesktop/version-bin:/mnt/c/Program Files/Docker/Docker/Resources/bin:/mnt/c/Program Files/Oculus/Support/oculus-runtime:/mnt/c/Windows/system32:/mnt/c/Windows:/mnt/c/Windows/System32/Wbem:/mnt/c/Windows/System32/WindowsPowerShell/v1.0/:/mnt/c/Windows/System32/OpenSSH/:/mnt/c/Program Files (x86)/NVIDIA Corporation/PhysX/Common:/mnt/c/Program Files/NVIDIA Corporation/NVIDIA NvDLISR:/mnt/c/Program Files/nodejs/:/mnt/c/ProgramData/chocolatey/bin:/mnt/c/Users/sclar/AppData/Local/Microsoft/WindowsApps:/mnt/c/Users/sclar/AppData/Local/Programs/Microsoft VS Code/bin:/mnt/c/Users/sclar/AppData/Roaming/npm:/snap/bin
SHELL=/bin/bash
HOSTTYPE=x86_64

Signal Handlers:
SIGSEGV: [libjvm.so+0xde5f50], sa_mask[0]=11111111111111111111111111111110, sa_flags=SA_RESTART|SA_SIGINFO
SIGBUS: [libjvm.so+0xde5f50], sa_mask[0]=11111111111111111111111111111110, sa_flags=SA_RESTART|SA_SIGINFO
SIGFPE: [libjvm.so+0xde5f50], sa_mask[0]=11111111111111111111111111111110, sa_flags=SA_RESTART|SA_SIGINFO
SIGPIPE: [libjvm.so+0xbba5b0], sa_mask[0]=11111111111111111111111111111110, sa_flags=SA_RESTART|SA_SIGINFO
SIGXFSZ: [libjvm.so+0xbba5b0], sa_mask[0]=11111111111111111111111111111110, sa_flags=SA_RESTART|SA_SIGINFO
SIGILL: [libjvm.so+0xde5f50], sa_mask[0]=11111111111111111111111111111110, sa_flags=SA_RESTART|SA_SIGINFO
SIGUSR2: [libjvm.so+0xbba450], sa_mask[0]=00100000000000000000000000000000, sa_flags=SA_RESTART|SA_SIGINFO
SIGHUP: [libjvm.so+0xbba7b0], sa_mask[0]=11111111111111111111111111111110, sa_flags=SA_RESTART|SA_SIGINFO
SIGINT: [libjvm.so+0xbba7b0], sa_mask[0]=11111111111111111111111111111110, sa_flags=SA_RESTART|SA_SIGINFO
SIGTERM: [libjvm.so+0xbba7b0], sa_mask[0]=11111111111111111111111111111110, sa_flags=SA_RESTART|SA_SIGINFO
SIGQUIT: [libjvm.so+0xbba7b0], sa_mask[0]=11111111111111111111111111111110, sa_flags=SA_RESTART|SA_SIGINFO


---------------  S Y S T E M  ---------------

OS:DISTRIB_ID=Ubuntu
DISTRIB_RELEASE=18.04
DISTRIB_CODENAME=bionic
DISTRIB_DESCRIPTION="Ubuntu 18.04.2 LTS"
uname:Linux 4.4.0-18362-Microsoft #476-Microsoft Fri Nov 01 16:53:00 PST 2019 x86_64
libc:glibc 2.27 NPTL 2.27 
rlimit: STACK 8192k, CORE 0k, NPROC 7823, NOFILE 65536, AS infinity, DATA infinity, FSIZE infinity
load average:0.52 0.58 0.59

/proc/meminfo:
MemTotal:       16579080 kB
MemFree:         5214004 kB
Buffers:           34032 kB
Cached:           188576 kB
SwapCached:            0 kB
Active:           167556 kB
Inactive:         157876 kB
Active(anon):     103104 kB
Inactive(anon):    17440 kB
Active(file):      64452 kB
Inactive(file):   140436 kB
Unevictable:           0 kB
Mlocked:               0 kB
SwapTotal:      50331648 kB
SwapFree:       49231356 kB
Dirty:                 0 kB
Writeback:             0 kB
AnonPages:        102824 kB
Mapped:            71404 kB
Shmem:             17720 kB
Slab:              13868 kB
SReclaimable:       6744 kB
SUnreclaim:         7124 kB
KernelStack:        2848 kB
PageTables:         2524 kB
NFS_Unstable:          0 kB
Bounce:                0 kB
WritebackTmp:          0 kB
CommitLimit:      515524 kB
Committed_AS:    3450064 kB
VmallocTotal:     122880 kB
VmallocUsed:       21296 kB
VmallocChunk:      66044 kB
HardwareCorrupted:     0 kB
AnonHugePages:      2048 kB
HugePages_Total:       0
HugePages_Free:        0
HugePages_Rsvd:        0
HugePages_Surp:        0
Hugepagesize:       2048 kB
DirectMap4k:       12280 kB
DirectMap4M:      897024 kB


/proc/sys/kernel/threads-max (system-wide limit on the number of threads):
32768


/proc/sys/vm/max_map_count (maximum number of memory map areas a process may have):


/proc/sys/kernel/pid_max (system-wide limit on number of process identifiers):
32768



Steal ticks since vm start: 0
Steal ticks percentage since vm start:  0.000

CPU:total 12 (initial active 12) (6 cores per cpu, 2 threads per core) family 6 model 158 stepping 10, cmov, cx8, fxsr, mmx, sse, sse2, sse3, ssse3, sse4.1, sse4.2, popcnt, avx, avx2, aes, clmul, erms, 3dnowpref, lzcnt, ht, tsc, tscinvbit, bmi1, bmi2, adx, fma
CPU Model and flags from /proc/cpuinfo:
model name	: Intel(R) Core(TM) i7-9750H CPU @ 2.60GHz
flags		: fpu vme de pse tsc msr pae mce cx8 apic sep mtrr pge mca cmov pat pse36 clflush dts acpi mmx fxsr sse sse2 ss ht tm pbe syscall nx pdpe1gb rdtscp lm pni pclmulqdq dtes64 est tm2 ssse3 fma cx16 xtpr pdcm pcid sse4_1 sse4_2 x2apic movbe popcnt aes xsave osxsave avx f16c rdrand hypervisor lahf_lm abm 3dnowprefetch fsgsbase tsc_adjust bmi1 avx2 smep bmi2 erms invpcid mpx rdseed adx smap clflushopt ibrs ibpb stibp ssbd

Memory: 4k page, physical 16579080k(5214004k free), swap 50331648k(49231356k free)

vm_info: OpenJDK 64-Bit Server VM (11.0.4+11-post-Ubuntu-1ubuntu218.04.3) for linux-amd64 JRE (11.0.4+11-post-Ubuntu-1ubuntu218.04.3), built on Jul 18 2019 18:21:46 by "buildd" with gcc 7.4.0

END.
